@!@!@STARTMSG 2262:0 @!@!@
TLC2 Version 2.16 of 31 December 2020 (rev: cdddf55)
@!@!@ENDMSG 2262 @!@!@
@!@!@STARTMSG 2187:0 @!@!@
Running breadth-first search Model-Checking with fp 120 and seed -7721997414558127470 with 4 workers on 8 cores with 608MB heap and 1365MB offheap memory [pid: 86643] (Mac OS X 10.16 x86_64, AdoptOpenJDK 14.0.1 x86_64, OffHeapDiskFPSet, DiskStateQueue).
@!@!@ENDMSG 2187 @!@!@
@!@!@STARTMSG 2220:0 @!@!@
Starting SANY...
@!@!@ENDMSG 2220 @!@!@
Parsing file /Users/andrewhao/workspace/tuxedo-tutes/specs/CardTransfer/CardTransfer.toolbox/Model_2/MC.tla
Parsing file /Users/andrewhao/workspace/tuxedo-tutes/specs/CardTransfer/CardTransfer.toolbox/Model_2/CardTransfer.tla
Parsing file /Applications/TLA+ Toolbox.app/Contents/Eclipse/plugins/org.lamport.tlatools_1.0.0.202012311918/tla2sany/StandardModules/TLC.tla
Parsing file /Applications/TLA+ Toolbox.app/Contents/Eclipse/plugins/org.lamport.tlatools_1.0.0.202012311918/tla2sany/StandardModules/Integers.tla
Parsing file /Applications/TLA+ Toolbox.app/Contents/Eclipse/plugins/org.lamport.tlatools_1.0.0.202012311918/tla2sany/StandardModules/Sequences.tla
Parsing file /Applications/TLA+ Toolbox.app/Contents/Eclipse/plugins/org.lamport.tlatools_1.0.0.202012311918/tla2sany/StandardModules/Naturals.tla
Parsing file /Applications/TLA+ Toolbox.app/Contents/Eclipse/plugins/org.lamport.tlatools_1.0.0.202012311918/tla2sany/StandardModules/FiniteSets.tla
Semantic processing of module Naturals
Semantic processing of module Sequences
Semantic processing of module FiniteSets
Semantic processing of module TLC
Semantic processing of module Integers
Semantic processing of module CardTransfer
Semantic processing of module MC
@!@!@STARTMSG 2219:0 @!@!@
SANY finished.
@!@!@ENDMSG 2219 @!@!@
@!@!@STARTMSG 2185:0 @!@!@
Starting... (2022-03-08 23:02:56)
@!@!@ENDMSG 2185 @!@!@
@!@!@STARTMSG 2189:0 @!@!@
Computing initial states...
@!@!@ENDMSG 2189 @!@!@
@!@!@STARTMSG 2190:0 @!@!@
Finished computing initial states: 1 distinct state generated at 2022-03-08 23:02:57.
@!@!@ENDMSG 2190 @!@!@
@!@!@STARTMSG 2110:1 @!@!@
Invariant NeverOverdraft is violated.
@!@!@ENDMSG 2110 @!@!@
@!@!@STARTMSG 2121:1 @!@!@
The behavior up to this point is:
@!@!@ENDMSG 2121 @!@!@
@!@!@STARTMSG 2217:4 @!@!@
1: <Initial predicate>
/\ internal_balance = 0
/\ balance_to_restore = defaultInitValue
/\ i = 0
/\ external_balance = 10
/\ pc = (0 :> "PollReversal" @@ 1 :> "ApproveTransfer")
/\ queue = <<>>

@!@!@ENDMSG 2217 @!@!@
@!@!@STARTMSG 2217:4 @!@!@
2: <ApproveTransfer line 84, col 20 to line 90, col 59 of module CardTransfer>
/\ internal_balance = 0
/\ balance_to_restore = defaultInitValue
/\ i = 0
/\ external_balance = 10
/\ pc = (0 :> "PollReversal" @@ 1 :> "ExternalTransfer")
/\ queue = <<>>

@!@!@ENDMSG 2217 @!@!@
@!@!@STARTMSG 2217:4 @!@!@
3: <ExternalTransfer line 92, col 21 to line 97, col 57 of module CardTransfer>
/\ internal_balance = 0
/\ balance_to_restore = defaultInitValue
/\ i = 0
/\ external_balance = 9
/\ pc = (0 :> "PollReversal" @@ 1 :> "SuccessfulInternalTransfer")
/\ queue = <<>>

@!@!@ENDMSG 2217 @!@!@
@!@!@STARTMSG 2217:4 @!@!@
4: <SuccessfulInternalTransfer line 99, col 31 to line 103, col 67 of module CardTransfer>
/\ internal_balance = 1
/\ balance_to_restore = defaultInitValue
/\ i = 0
/\ external_balance = 9
/\ pc = (0 :> "PollReversal" @@ 1 :> "IncrCounterTryAgain")
/\ queue = <<>>

@!@!@ENDMSG 2217 @!@!@
@!@!@STARTMSG 2217:4 @!@!@
5: <IncrCounterTryAgain line 111, col 24 to line 115, col 78 of module CardTransfer>
/\ internal_balance = 1
/\ balance_to_restore = defaultInitValue
/\ i = 1
/\ external_balance = 9
/\ pc = (0 :> "PollReversal" @@ 1 :> "ApproveTransfer")
/\ queue = <<>>

@!@!@ENDMSG 2217 @!@!@
@!@!@STARTMSG 2217:4 @!@!@
6: <ApproveTransfer line 84, col 20 to line 90, col 59 of module CardTransfer>
/\ internal_balance = 1
/\ balance_to_restore = defaultInitValue
/\ i = 1
/\ external_balance = 9
/\ pc = (0 :> "PollReversal" @@ 1 :> "ExternalTransfer")
/\ queue = <<>>

@!@!@ENDMSG 2217 @!@!@
@!@!@STARTMSG 2217:4 @!@!@
7: <ExternalTransfer line 92, col 21 to line 97, col 57 of module CardTransfer>
/\ internal_balance = 1
/\ balance_to_restore = defaultInitValue
/\ i = 1
/\ external_balance = 8
/\ pc = (0 :> "PollReversal" @@ 1 :> "SuccessfulInternalTransfer")
/\ queue = <<>>

@!@!@ENDMSG 2217 @!@!@
@!@!@STARTMSG 2217:4 @!@!@
8: <SuccessfulInternalTransfer line 99, col 31 to line 103, col 67 of module CardTransfer>
/\ internal_balance = 2
/\ balance_to_restore = defaultInitValue
/\ i = 1
/\ external_balance = 8
/\ pc = (0 :> "PollReversal" @@ 1 :> "IncrCounterTryAgain")
/\ queue = <<>>

@!@!@ENDMSG 2217 @!@!@
@!@!@STARTMSG 2217:4 @!@!@
9: <IncrCounterTryAgain line 111, col 24 to line 115, col 78 of module CardTransfer>
/\ internal_balance = 2
/\ balance_to_restore = defaultInitValue
/\ i = 2
/\ external_balance = 8
/\ pc = (0 :> "PollReversal" @@ 1 :> "ApproveTransfer")
/\ queue = <<>>

@!@!@ENDMSG 2217 @!@!@
@!@!@STARTMSG 2217:4 @!@!@
10: <ApproveTransfer line 84, col 20 to line 90, col 59 of module CardTransfer>
/\ internal_balance = 2
/\ balance_to_restore = defaultInitValue
/\ i = 2
/\ external_balance = 8
/\ pc = (0 :> "PollReversal" @@ 1 :> "ExternalTransfer")
/\ queue = <<>>

@!@!@ENDMSG 2217 @!@!@
@!@!@STARTMSG 2217:4 @!@!@
11: <ExternalTransfer line 92, col 21 to line 97, col 57 of module CardTransfer>
/\ internal_balance = 2
/\ balance_to_restore = defaultInitValue
/\ i = 2
/\ external_balance = 7
/\ pc = (0 :> "PollReversal" @@ 1 :> "SuccessfulInternalTransfer")
/\ queue = <<>>

@!@!@ENDMSG 2217 @!@!@
@!@!@STARTMSG 2217:4 @!@!@
12: <SuccessfulInternalTransfer line 99, col 31 to line 103, col 67 of module CardTransfer>
/\ internal_balance = 3
/\ balance_to_restore = defaultInitValue
/\ i = 2
/\ external_balance = 7
/\ pc = (0 :> "PollReversal" @@ 1 :> "IncrCounterTryAgain")
/\ queue = <<>>

@!@!@ENDMSG 2217 @!@!@
@!@!@STARTMSG 2217:4 @!@!@
13: <IncrCounterTryAgain line 111, col 24 to line 115, col 78 of module CardTransfer>
/\ internal_balance = 3
/\ balance_to_restore = defaultInitValue
/\ i = 3
/\ external_balance = 7
/\ pc = (0 :> "PollReversal" @@ 1 :> "ApproveTransfer")
/\ queue = <<>>

@!@!@ENDMSG 2217 @!@!@
@!@!@STARTMSG 2217:4 @!@!@
14: <ApproveTransfer line 84, col 20 to line 90, col 59 of module CardTransfer>
/\ internal_balance = 3
/\ balance_to_restore = defaultInitValue
/\ i = 3
/\ external_balance = 7
/\ pc = (0 :> "PollReversal" @@ 1 :> "ExternalTransfer")
/\ queue = <<>>

@!@!@ENDMSG 2217 @!@!@
@!@!@STARTMSG 2217:4 @!@!@
15: <ExternalTransfer line 92, col 21 to line 97, col 57 of module CardTransfer>
/\ internal_balance = 3
/\ balance_to_restore = defaultInitValue
/\ i = 3
/\ external_balance = 6
/\ pc = (0 :> "PollReversal" @@ 1 :> "SuccessfulInternalTransfer")
/\ queue = <<>>

@!@!@ENDMSG 2217 @!@!@
@!@!@STARTMSG 2217:4 @!@!@
16: <SuccessfulInternalTransfer line 99, col 31 to line 103, col 67 of module CardTransfer>
/\ internal_balance = 4
/\ balance_to_restore = defaultInitValue
/\ i = 3
/\ external_balance = 6
/\ pc = (0 :> "PollReversal" @@ 1 :> "IncrCounterTryAgain")
/\ queue = <<>>

@!@!@ENDMSG 2217 @!@!@
@!@!@STARTMSG 2217:4 @!@!@
17: <IncrCounterTryAgain line 111, col 24 to line 115, col 78 of module CardTransfer>
/\ internal_balance = 4
/\ balance_to_restore = defaultInitValue
/\ i = 4
/\ external_balance = 6
/\ pc = (0 :> "PollReversal" @@ 1 :> "ApproveTransfer")
/\ queue = <<>>

@!@!@ENDMSG 2217 @!@!@
@!@!@STARTMSG 2217:4 @!@!@
18: <ApproveTransfer line 84, col 20 to line 90, col 59 of module CardTransfer>
/\ internal_balance = 4
/\ balance_to_restore = defaultInitValue
/\ i = 4
/\ external_balance = 6
/\ pc = (0 :> "PollReversal" @@ 1 :> "ExternalTransfer")
/\ queue = <<>>

@!@!@ENDMSG 2217 @!@!@
@!@!@STARTMSG 2217:4 @!@!@
19: <ExternalTransfer line 92, col 21 to line 97, col 57 of module CardTransfer>
/\ internal_balance = 4
/\ balance_to_restore = defaultInitValue
/\ i = 4
/\ external_balance = 5
/\ pc = (0 :> "PollReversal" @@ 1 :> "SuccessfulInternalTransfer")
/\ queue = <<>>

@!@!@ENDMSG 2217 @!@!@
@!@!@STARTMSG 2217:4 @!@!@
20: <SuccessfulInternalTransfer line 99, col 31 to line 103, col 67 of module CardTransfer>
/\ internal_balance = 5
/\ balance_to_restore = defaultInitValue
/\ i = 4
/\ external_balance = 5
/\ pc = (0 :> "PollReversal" @@ 1 :> "IncrCounterTryAgain")
/\ queue = <<>>

@!@!@ENDMSG 2217 @!@!@
@!@!@STARTMSG 2217:4 @!@!@
21: <IncrCounterTryAgain line 111, col 24 to line 115, col 78 of module CardTransfer>
/\ internal_balance = 5
/\ balance_to_restore = defaultInitValue
/\ i = 5
/\ external_balance = 5
/\ pc = (0 :> "PollReversal" @@ 1 :> "ApproveTransfer")
/\ queue = <<>>

@!@!@ENDMSG 2217 @!@!@
@!@!@STARTMSG 2217:4 @!@!@
22: <ApproveTransfer line 84, col 20 to line 90, col 59 of module CardTransfer>
/\ internal_balance = 5
/\ balance_to_restore = defaultInitValue
/\ i = 5
/\ external_balance = 5
/\ pc = (0 :> "PollReversal" @@ 1 :> "ExternalTransfer")
/\ queue = <<>>

@!@!@ENDMSG 2217 @!@!@
@!@!@STARTMSG 2217:4 @!@!@
23: <ExternalTransfer line 92, col 21 to line 97, col 57 of module CardTransfer>
/\ internal_balance = 5
/\ balance_to_restore = defaultInitValue
/\ i = 5
/\ external_balance = 4
/\ pc = (0 :> "PollReversal" @@ 1 :> "SuccessfulInternalTransfer")
/\ queue = <<>>

@!@!@ENDMSG 2217 @!@!@
@!@!@STARTMSG 2217:4 @!@!@
24: <SuccessfulInternalTransfer line 99, col 31 to line 103, col 67 of module CardTransfer>
/\ internal_balance = 6
/\ balance_to_restore = defaultInitValue
/\ i = 5
/\ external_balance = 4
/\ pc = (0 :> "PollReversal" @@ 1 :> "IncrCounterTryAgain")
/\ queue = <<>>

@!@!@ENDMSG 2217 @!@!@
@!@!@STARTMSG 2217:4 @!@!@
25: <IncrCounterTryAgain line 111, col 24 to line 115, col 78 of module CardTransfer>
/\ internal_balance = 6
/\ balance_to_restore = defaultInitValue
/\ i = 6
/\ external_balance = 4
/\ pc = (0 :> "PollReversal" @@ 1 :> "ApproveTransfer")
/\ queue = <<>>

@!@!@ENDMSG 2217 @!@!@
@!@!@STARTMSG 2217:4 @!@!@
26: <ApproveTransfer line 84, col 20 to line 90, col 59 of module CardTransfer>
/\ internal_balance = 6
/\ balance_to_restore = defaultInitValue
/\ i = 6
/\ external_balance = 4
/\ pc = (0 :> "PollReversal" @@ 1 :> "ExternalTransfer")
/\ queue = <<>>

@!@!@ENDMSG 2217 @!@!@
@!@!@STARTMSG 2217:4 @!@!@
27: <ExternalTransfer line 92, col 21 to line 97, col 57 of module CardTransfer>
/\ internal_balance = 6
/\ balance_to_restore = defaultInitValue
/\ i = 6
/\ external_balance = 3
/\ pc = (0 :> "PollReversal" @@ 1 :> "SuccessfulInternalTransfer")
/\ queue = <<>>

@!@!@ENDMSG 2217 @!@!@
@!@!@STARTMSG 2217:4 @!@!@
28: <SuccessfulInternalTransfer line 99, col 31 to line 103, col 67 of module CardTransfer>
/\ internal_balance = 7
/\ balance_to_restore = defaultInitValue
/\ i = 6
/\ external_balance = 3
/\ pc = (0 :> "PollReversal" @@ 1 :> "IncrCounterTryAgain")
/\ queue = <<>>

@!@!@ENDMSG 2217 @!@!@
@!@!@STARTMSG 2217:4 @!@!@
29: <IncrCounterTryAgain line 111, col 24 to line 115, col 78 of module CardTransfer>
/\ internal_balance = 7
/\ balance_to_restore = defaultInitValue
/\ i = 7
/\ external_balance = 3
/\ pc = (0 :> "PollReversal" @@ 1 :> "ApproveTransfer")
/\ queue = <<>>

@!@!@ENDMSG 2217 @!@!@
@!@!@STARTMSG 2217:4 @!@!@
30: <ApproveTransfer line 84, col 20 to line 90, col 59 of module CardTransfer>
/\ internal_balance = 7
/\ balance_to_restore = defaultInitValue
/\ i = 7
/\ external_balance = 3
/\ pc = (0 :> "PollReversal" @@ 1 :> "ExternalTransfer")
/\ queue = <<>>

@!@!@ENDMSG 2217 @!@!@
@!@!@STARTMSG 2217:4 @!@!@
31: <ExternalTransfer line 92, col 21 to line 97, col 57 of module CardTransfer>
/\ internal_balance = 7
/\ balance_to_restore = defaultInitValue
/\ i = 7
/\ external_balance = 2
/\ pc = (0 :> "PollReversal" @@ 1 :> "SuccessfulInternalTransfer")
/\ queue = <<>>

@!@!@ENDMSG 2217 @!@!@
@!@!@STARTMSG 2217:4 @!@!@
32: <SuccessfulInternalTransfer line 99, col 31 to line 103, col 67 of module CardTransfer>
/\ internal_balance = 8
/\ balance_to_restore = defaultInitValue
/\ i = 7
/\ external_balance = 2
/\ pc = (0 :> "PollReversal" @@ 1 :> "IncrCounterTryAgain")
/\ queue = <<>>

@!@!@ENDMSG 2217 @!@!@
@!@!@STARTMSG 2217:4 @!@!@
33: <IncrCounterTryAgain line 111, col 24 to line 115, col 78 of module CardTransfer>
/\ internal_balance = 8
/\ balance_to_restore = defaultInitValue
/\ i = 8
/\ external_balance = 2
/\ pc = (0 :> "PollReversal" @@ 1 :> "ApproveTransfer")
/\ queue = <<>>

@!@!@ENDMSG 2217 @!@!@
@!@!@STARTMSG 2217:4 @!@!@
34: <ApproveTransfer line 84, col 20 to line 90, col 59 of module CardTransfer>
/\ internal_balance = 8
/\ balance_to_restore = defaultInitValue
/\ i = 8
/\ external_balance = 2
/\ pc = (0 :> "PollReversal" @@ 1 :> "ExternalTransfer")
/\ queue = <<>>

@!@!@ENDMSG 2217 @!@!@
@!@!@STARTMSG 2217:4 @!@!@
35: <ExternalTransfer line 92, col 21 to line 97, col 57 of module CardTransfer>
/\ internal_balance = 8
/\ balance_to_restore = defaultInitValue
/\ i = 8
/\ external_balance = 1
/\ pc = (0 :> "PollReversal" @@ 1 :> "SuccessfulInternalTransfer")
/\ queue = <<>>

@!@!@ENDMSG 2217 @!@!@
@!@!@STARTMSG 2217:4 @!@!@
36: <SuccessfulInternalTransfer line 99, col 31 to line 103, col 67 of module CardTransfer>
/\ internal_balance = 9
/\ balance_to_restore = defaultInitValue
/\ i = 8
/\ external_balance = 1
/\ pc = (0 :> "PollReversal" @@ 1 :> "IncrCounterTryAgain")
/\ queue = <<>>

@!@!@ENDMSG 2217 @!@!@
@!@!@STARTMSG 2217:4 @!@!@
37: <IncrCounterTryAgain line 111, col 24 to line 115, col 78 of module CardTransfer>
/\ internal_balance = 9
/\ balance_to_restore = defaultInitValue
/\ i = 9
/\ external_balance = 1
/\ pc = (0 :> "PollReversal" @@ 1 :> "ApproveTransfer")
/\ queue = <<>>

@!@!@ENDMSG 2217 @!@!@
@!@!@STARTMSG 2217:4 @!@!@
38: <ApproveTransfer line 84, col 20 to line 90, col 59 of module CardTransfer>
/\ internal_balance = 9
/\ balance_to_restore = defaultInitValue
/\ i = 9
/\ external_balance = 1
/\ pc = (0 :> "PollReversal" @@ 1 :> "ExternalTransfer")
/\ queue = <<>>

@!@!@ENDMSG 2217 @!@!@
@!@!@STARTMSG 2217:4 @!@!@
39: <ExternalTransfer line 92, col 21 to line 97, col 57 of module CardTransfer>
/\ internal_balance = 9
/\ balance_to_restore = defaultInitValue
/\ i = 9
/\ external_balance = 0
/\ pc = (0 :> "PollReversal" @@ 1 :> "SuccessfulInternalTransfer")
/\ queue = <<>>

@!@!@ENDMSG 2217 @!@!@
@!@!@STARTMSG 2217:4 @!@!@
40: <SuccessfulInternalTransfer line 99, col 31 to line 103, col 67 of module CardTransfer>
/\ internal_balance = 10
/\ balance_to_restore = defaultInitValue
/\ i = 9
/\ external_balance = 0
/\ pc = (0 :> "PollReversal" @@ 1 :> "IncrCounterTryAgain")
/\ queue = <<>>

@!@!@ENDMSG 2217 @!@!@
@!@!@STARTMSG 2217:4 @!@!@
41: <IncrCounterTryAgain line 111, col 24 to line 115, col 78 of module CardTransfer>
/\ internal_balance = 10
/\ balance_to_restore = defaultInitValue
/\ i = 10
/\ external_balance = 0
/\ pc = (0 :> "PollReversal" @@ 1 :> "ApproveTransfer")
/\ queue = <<>>

@!@!@ENDMSG 2217 @!@!@
@!@!@STARTMSG 2217:4 @!@!@
42: <ApproveTransfer line 84, col 20 to line 90, col 59 of module CardTransfer>
/\ internal_balance = 10
/\ balance_to_restore = defaultInitValue
/\ i = 10
/\ external_balance = 0
/\ pc = (0 :> "PollReversal" @@ 1 :> "ExternalTransfer")
/\ queue = <<>>

@!@!@ENDMSG 2217 @!@!@
@!@!@STARTMSG 2217:4 @!@!@
43: <ExternalTransfer line 92, col 21 to line 97, col 57 of module CardTransfer>
/\ internal_balance = 10
/\ balance_to_restore = defaultInitValue
/\ i = 10
/\ external_balance = -1
/\ pc = (0 :> "PollReversal" @@ 1 :> "SuccessfulInternalTransfer")
/\ queue = <<>>

@!@!@ENDMSG 2217 @!@!@
@!@!@STARTMSG 2201:0 @!@!@
The coverage statistics at 2022-03-08 23:02:57
@!@!@ENDMSG 2201 @!@!@
@!@!@STARTMSG 2773:0 @!@!@
<Init line 73, col 1 to line 73, col 4 of module CardTransfer>: 2:2
@!@!@ENDMSG 2773 @!@!@
@!@!@STARTMSG 2221:0 @!@!@
  line 74, col 9 to line 82, col 70 of module CardTransfer: 2
@!@!@ENDMSG 2221 @!@!@
@!@!@STARTMSG 2772:0 @!@!@
<ApproveTransfer line 84, col 1 to line 84, col 15 of module CardTransfer>: 69:80
@!@!@ENDMSG 2772 @!@!@
@!@!@STARTMSG 2221:0 @!@!@
  line 84, col 23 to line 84, col 47 of module CardTransfer: 693
@!@!@ENDMSG 2221 @!@!@
@!@!@STARTMSG 2221:0 @!@!@
  |line 84, col 23 to line 84, col 27 of module CardTransfer: 613
@!@!@ENDMSG 2221 @!@!@
@!@!@STARTMSG 2221:0 @!@!@
  line 85, col 26 to line 85, col 32 of module CardTransfer: 198
@!@!@ENDMSG 2221 @!@!@
@!@!@STARTMSG 2221:0 @!@!@
  line 86, col 34 to line 86, col 45 of module CardTransfer: 278
@!@!@ENDMSG 2221 @!@!@
@!@!@STARTMSG 2221:0 @!@!@
  |line 86, col 34 to line 86, col 38 of module CardTransfer: 198
@!@!@ENDMSG 2221 @!@!@
@!@!@STARTMSG 2221:0 @!@!@
  |line 86, col 42 to line 86, col 45 of module CardTransfer: 198
@!@!@ENDMSG 2221 @!@!@
@!@!@STARTMSG 2221:0 @!@!@
  line 87, col 34 to line 87, col 76 of module CardTransfer: 80
@!@!@ENDMSG 2221 @!@!@
@!@!@STARTMSG 2221:0 @!@!@
  line 88, col 34 to line 88, col 64 of module CardTransfer: 0
@!@!@ENDMSG 2221 @!@!@
@!@!@STARTMSG 2221:0 @!@!@
  line 89, col 23 to line 90, col 59 of module CardTransfer: 80
@!@!@ENDMSG 2221 @!@!@
@!@!@STARTMSG 2772:0 @!@!@
<ExternalTransfer line 92, col 1 to line 92, col 16 of module CardTransfer>: 131:153
@!@!@ENDMSG 2772 @!@!@
@!@!@STARTMSG 2221:0 @!@!@
  line 92, col 24 to line 92, col 49 of module CardTransfer: 677
@!@!@ENDMSG 2221 @!@!@
@!@!@STARTMSG 2221:0 @!@!@
  |line 92, col 24 to line 92, col 28 of module CardTransfer: 602
@!@!@ENDMSG 2221 @!@!@
@!@!@STARTMSG 2221:0 @!@!@
  line 93, col 24 to line 93, col 63 of module CardTransfer: 75
@!@!@ENDMSG 2221 @!@!@
@!@!@STARTMSG 2221:0 @!@!@
  |line 93, col 44 to line 93, col 63 of module CardTransfer: 78
@!@!@ENDMSG 2221 @!@!@
@!@!@STARTMSG 2221:0 @!@!@
  line 94, col 30 to line 94, col 82 of module CardTransfer: 75
@!@!@ENDMSG 2221 @!@!@
@!@!@STARTMSG 2221:0 @!@!@
  |line 94, col 36 to line 94, col 82 of module CardTransfer: 78
@!@!@ENDMSG 2221 @!@!@
@!@!@STARTMSG 2221:0 @!@!@
  line 95, col 27 to line 95, col 78 of module CardTransfer: 75
@!@!@ENDMSG 2221 @!@!@
@!@!@STARTMSG 2221:0 @!@!@
  line 96, col 24 to line 97, col 57 of module CardTransfer: 150
@!@!@ENDMSG 2221 @!@!@
@!@!@STARTMSG 2772:0 @!@!@
<SuccessfulInternalTransfer line 99, col 1 to line 99, col 26 of module CardTransfer>: 52:73
@!@!@ENDMSG 2772 @!@!@
@!@!@STARTMSG 2221:0 @!@!@
  line 99, col 34 to line 99, col 69 of module CardTransfer: 661
@!@!@ENDMSG 2221 @!@!@
@!@!@STARTMSG 2221:0 @!@!@
  |line 99, col 34 to line 99, col 38 of module CardTransfer: 588
@!@!@ENDMSG 2221 @!@!@
@!@!@STARTMSG 2221:0 @!@!@
  line 100, col 34 to line 100, col 73 of module CardTransfer: 73
@!@!@ENDMSG 2221 @!@!@
@!@!@STARTMSG 2221:0 @!@!@
  line 101, col 34 to line 101, col 79 of module CardTransfer: 73
@!@!@ENDMSG 2221 @!@!@
@!@!@STARTMSG 2221:0 @!@!@
  line 102, col 34 to line 103, col 67 of module CardTransfer: 73
@!@!@ENDMSG 2221 @!@!@
@!@!@STARTMSG 2772:0 @!@!@
<FailedInternalTransfer line 105, col 1 to line 105, col 22 of module CardTransfer>: 63:63
@!@!@ENDMSG 2772 @!@!@
@!@!@STARTMSG 2221:0 @!@!@
  line 105, col 30 to line 105, col 61 of module CardTransfer: 641
@!@!@ENDMSG 2221 @!@!@
@!@!@STARTMSG 2221:0 @!@!@
  |line 105, col 30 to line 105, col 34 of module CardTransfer: 578
@!@!@ENDMSG 2221 @!@!@
@!@!@STARTMSG 2221:0 @!@!@
  line 106, col 30 to line 106, col 54 of module CardTransfer: 63
@!@!@ENDMSG 2221 @!@!@
@!@!@STARTMSG 2221:0 @!@!@
  line 107, col 30 to line 107, col 75 of module CardTransfer: 63
@!@!@ENDMSG 2221 @!@!@
@!@!@STARTMSG 2221:0 @!@!@
  line 108, col 30 to line 109, col 66 of module CardTransfer: 63
@!@!@ENDMSG 2221 @!@!@
@!@!@STARTMSG 2772:0 @!@!@
<IncrCounterTryAgain line 111, col 1 to line 111, col 19 of module CardTransfer>: 121:201
@!@!@ENDMSG 2772 @!@!@
@!@!@STARTMSG 2221:0 @!@!@
  line 111, col 27 to line 111, col 55 of module CardTransfer: 779
@!@!@ENDMSG 2221 @!@!@
@!@!@STARTMSG 2221:0 @!@!@
  |line 111, col 27 to line 111, col 31 of module CardTransfer: 578
@!@!@ENDMSG 2221 @!@!@
@!@!@STARTMSG 2221:0 @!@!@
  line 112, col 27 to line 112, col 36 of module CardTransfer: 201
@!@!@ENDMSG 2221 @!@!@
@!@!@STARTMSG 2221:0 @!@!@
  line 113, col 27 to line 113, col 68 of module CardTransfer: 201
@!@!@ENDMSG 2221 @!@!@
@!@!@STARTMSG 2221:0 @!@!@
  line 114, col 27 to line 115, col 78 of module CardTransfer: 201
@!@!@ENDMSG 2221 @!@!@
@!@!@STARTMSG 2772:0 @!@!@
<PollReversal line 121, col 1 to line 121, col 12 of module CardTransfer>: 107:450
@!@!@ENDMSG 2772 @!@!@
@!@!@STARTMSG 2221:0 @!@!@
  line 121, col 20 to line 121, col 41 of module CardTransfer: 1018
@!@!@ENDMSG 2221 @!@!@
@!@!@STARTMSG 2221:0 @!@!@
  |line 121, col 20 to line 121, col 24 of module CardTransfer: 568
@!@!@ENDMSG 2221 @!@!@
@!@!@STARTMSG 2221:0 @!@!@
  line 122, col 23 to line 122, col 36 of module CardTransfer: 450
@!@!@ENDMSG 2221 @!@!@
@!@!@STARTMSG 2221:0 @!@!@
  line 123, col 28 to line 123, col 67 of module CardTransfer: 121
@!@!@ENDMSG 2221 @!@!@
@!@!@STARTMSG 2221:0 @!@!@
  line 124, col 28 to line 124, col 69 of module CardTransfer: 329
@!@!@ENDMSG 2221 @!@!@
@!@!@STARTMSG 2221:0 @!@!@
  line 125, col 20 to line 126, col 53 of module CardTransfer: 450
@!@!@ENDMSG 2221 @!@!@
@!@!@STARTMSG 2772:0 @!@!@
<DoReversal line 128, col 1 to line 128, col 10 of module CardTransfer>: 44:118
@!@!@ENDMSG 2772 @!@!@
@!@!@STARTMSG 2221:0 @!@!@
  line 128, col 18 to line 128, col 37 of module CardTransfer: 686
@!@!@ENDMSG 2221 @!@!@
@!@!@STARTMSG 2221:0 @!@!@
  |line 128, col 18 to line 128, col 22 of module CardTransfer: 568
@!@!@ENDMSG 2221 @!@!@
@!@!@STARTMSG 2221:0 @!@!@
  line 129, col 18 to line 129, col 50 of module CardTransfer: 118
@!@!@ENDMSG 2221 @!@!@
@!@!@STARTMSG 2221:0 @!@!@
  line 130, col 18 to line 130, col 37 of module CardTransfer: 118
@!@!@ENDMSG 2221 @!@!@
@!@!@STARTMSG 2221:0 @!@!@
  line 131, col 18 to line 131, col 75 of module CardTransfer: 118
@!@!@ENDMSG 2221 @!@!@
@!@!@STARTMSG 2221:0 @!@!@
  line 132, col 18 to line 132, col 56 of module CardTransfer: 118
@!@!@ENDMSG 2221 @!@!@
@!@!@STARTMSG 2221:0 @!@!@
  line 133, col 18 to line 133, col 52 of module CardTransfer: 118
@!@!@ENDMSG 2221 @!@!@
@!@!@STARTMSG 2774:0 @!@!@
<NeverOverdraft line 64, col 1 to line 64, col 14 of module CardTransfer>
@!@!@ENDMSG 2774 @!@!@
@!@!@STARTMSG 2221:0 @!@!@
  line 64, col 19 to line 64, col 39 of module CardTransfer: 588
@!@!@ENDMSG 2221 @!@!@
@!@!@STARTMSG 2202:0 @!@!@
End of statistics.
@!@!@ENDMSG 2202 @!@!@
@!@!@STARTMSG 2200:0 @!@!@
Progress(57) at 2022-03-08 23:02:57: 1,086 states generated (32,793 s/min), 588 distinct states found (17,755 ds/min), 14 states left on queue.
@!@!@ENDMSG 2200 @!@!@
@!@!@STARTMSG 2199:0 @!@!@
1086 states generated, 588 distinct states found, 14 states left on queue.
@!@!@ENDMSG 2199 @!@!@
@!@!@STARTMSG 2194:0 @!@!@
The depth of the complete state graph search is 57.
@!@!@ENDMSG 2194 @!@!@
@!@!@STARTMSG 2268:0 @!@!@
The average outdegree of the complete state graph is 1 (minimum is 0, the maximum 2 and the 95th percentile is 2).
@!@!@ENDMSG 2268 @!@!@
@!@!@STARTMSG 2186:0 @!@!@
Finished in 2039ms at (2022-03-08 23:02:57)
@!@!@ENDMSG 2186 @!@!@
