@!@!@STARTMSG 2262:0 @!@!@
TLC2 Version 2.16 of 31 December 2020 (rev: cdddf55)
@!@!@ENDMSG 2262 @!@!@
@!@!@STARTMSG 2187:0 @!@!@
Running breadth-first search Model-Checking with fp 128 and seed -7413995039863492095 with 4 workers on 8 cores with 608MB heap and 1365MB offheap memory [pid: 86994] (Mac OS X 10.16 x86_64, AdoptOpenJDK 14.0.1 x86_64, OffHeapDiskFPSet, DiskStateQueue).
@!@!@ENDMSG 2187 @!@!@
@!@!@STARTMSG 2220:0 @!@!@
Starting SANY...
@!@!@ENDMSG 2220 @!@!@
Parsing file /Users/andrewhao/workspace/tuxedo-tutes/specs/CardTransfer/CardTransfer.toolbox/Model_2/MC.tla
Parsing file /Users/andrewhao/workspace/tuxedo-tutes/specs/CardTransfer/CardTransfer.toolbox/Model_2/CardTransfer.tla
Parsing file /Applications/TLA+ Toolbox.app/Contents/Eclipse/plugins/org.lamport.tlatools_1.0.0.202012311918/tla2sany/StandardModules/TLC.tla
Parsing file /Applications/TLA+ Toolbox.app/Contents/Eclipse/plugins/org.lamport.tlatools_1.0.0.202012311918/tla2sany/StandardModules/Integers.tla
Parsing file /Applications/TLA+ Toolbox.app/Contents/Eclipse/plugins/org.lamport.tlatools_1.0.0.202012311918/tla2sany/StandardModules/Sequences.tla
Parsing file /Applications/TLA+ Toolbox.app/Contents/Eclipse/plugins/org.lamport.tlatools_1.0.0.202012311918/tla2sany/StandardModules/Naturals.tla
Parsing file /Applications/TLA+ Toolbox.app/Contents/Eclipse/plugins/org.lamport.tlatools_1.0.0.202012311918/tla2sany/StandardModules/FiniteSets.tla
Semantic processing of module Naturals
Semantic processing of module Sequences
Semantic processing of module FiniteSets
Semantic processing of module TLC
Semantic processing of module Integers
Semantic processing of module CardTransfer
Semantic processing of module MC
@!@!@STARTMSG 2219:0 @!@!@
SANY finished.
@!@!@ENDMSG 2219 @!@!@
@!@!@STARTMSG 2185:0 @!@!@
Starting... (2022-03-08 23:11:17)
@!@!@ENDMSG 2185 @!@!@
@!@!@STARTMSG 2189:0 @!@!@
Computing initial states...
@!@!@ENDMSG 2189 @!@!@
@!@!@STARTMSG 2190:0 @!@!@
Finished computing initial states: 1 distinct state generated at 2022-03-08 23:11:17.
@!@!@ENDMSG 2190 @!@!@
@!@!@STARTMSG 2110:1 @!@!@
Invariant NeverOverdraft is violated.
@!@!@ENDMSG 2110 @!@!@
@!@!@STARTMSG 2121:1 @!@!@
The behavior up to this point is:
@!@!@ENDMSG 2121 @!@!@
@!@!@STARTMSG 2217:4 @!@!@
1: <Initial predicate>
/\ internal_balance = 0
/\ reversal_in_progress = FALSE
/\ balance_to_restore = defaultInitValue
/\ i = 0
/\ external_balance = 10
/\ pc = (0 :> "PollReversal" @@ 1 :> "ApproveTransfer")
/\ queue = <<>>

@!@!@ENDMSG 2217 @!@!@
@!@!@STARTMSG 2217:4 @!@!@
2: <ApproveTransfer line 88, col 20 to line 94, col 81 of module CardTransfer>
/\ internal_balance = 0
/\ reversal_in_progress = FALSE
/\ balance_to_restore = defaultInitValue
/\ i = 0
/\ external_balance = 10
/\ pc = (0 :> "PollReversal" @@ 1 :> "ExternalTransfer")
/\ queue = <<>>

@!@!@ENDMSG 2217 @!@!@
@!@!@STARTMSG 2217:4 @!@!@
3: <ExternalTransfer line 96, col 21 to line 102, col 57 of module CardTransfer>
/\ internal_balance = 0
/\ reversal_in_progress = FALSE
/\ balance_to_restore = defaultInitValue
/\ i = 0
/\ external_balance = 9
/\ pc = (0 :> "PollReversal" @@ 1 :> "SuccessfulInternalTransfer")
/\ queue = <<>>

@!@!@ENDMSG 2217 @!@!@
@!@!@STARTMSG 2217:4 @!@!@
4: <SuccessfulInternalTransfer line 104, col 31 to line 109, col 67 of module CardTransfer>
/\ internal_balance = 1
/\ reversal_in_progress = FALSE
/\ balance_to_restore = defaultInitValue
/\ i = 0
/\ external_balance = 9
/\ pc = (0 :> "PollReversal" @@ 1 :> "IncrCounterTryAgain")
/\ queue = <<>>

@!@!@ENDMSG 2217 @!@!@
@!@!@STARTMSG 2217:4 @!@!@
5: <IncrCounterTryAgain line 118, col 24 to line 123, col 60 of module CardTransfer>
/\ internal_balance = 1
/\ reversal_in_progress = FALSE
/\ balance_to_restore = defaultInitValue
/\ i = 1
/\ external_balance = 9
/\ pc = (0 :> "PollReversal" @@ 1 :> "ApproveTransfer")
/\ queue = <<>>

@!@!@ENDMSG 2217 @!@!@
@!@!@STARTMSG 2217:4 @!@!@
6: <ApproveTransfer line 88, col 20 to line 94, col 81 of module CardTransfer>
/\ internal_balance = 1
/\ reversal_in_progress = FALSE
/\ balance_to_restore = defaultInitValue
/\ i = 1
/\ external_balance = 9
/\ pc = (0 :> "PollReversal" @@ 1 :> "ExternalTransfer")
/\ queue = <<>>

@!@!@ENDMSG 2217 @!@!@
@!@!@STARTMSG 2217:4 @!@!@
7: <ExternalTransfer line 96, col 21 to line 102, col 57 of module CardTransfer>
/\ internal_balance = 1
/\ reversal_in_progress = FALSE
/\ balance_to_restore = defaultInitValue
/\ i = 1
/\ external_balance = 8
/\ pc = (0 :> "PollReversal" @@ 1 :> "SuccessfulInternalTransfer")
/\ queue = <<>>

@!@!@ENDMSG 2217 @!@!@
@!@!@STARTMSG 2217:4 @!@!@
8: <SuccessfulInternalTransfer line 104, col 31 to line 109, col 67 of module CardTransfer>
/\ internal_balance = 2
/\ reversal_in_progress = FALSE
/\ balance_to_restore = defaultInitValue
/\ i = 1
/\ external_balance = 8
/\ pc = (0 :> "PollReversal" @@ 1 :> "IncrCounterTryAgain")
/\ queue = <<>>

@!@!@ENDMSG 2217 @!@!@
@!@!@STARTMSG 2217:4 @!@!@
9: <IncrCounterTryAgain line 118, col 24 to line 123, col 60 of module CardTransfer>
/\ internal_balance = 2
/\ reversal_in_progress = FALSE
/\ balance_to_restore = defaultInitValue
/\ i = 2
/\ external_balance = 8
/\ pc = (0 :> "PollReversal" @@ 1 :> "ApproveTransfer")
/\ queue = <<>>

@!@!@ENDMSG 2217 @!@!@
@!@!@STARTMSG 2217:4 @!@!@
10: <ApproveTransfer line 88, col 20 to line 94, col 81 of module CardTransfer>
/\ internal_balance = 2
/\ reversal_in_progress = FALSE
/\ balance_to_restore = defaultInitValue
/\ i = 2
/\ external_balance = 8
/\ pc = (0 :> "PollReversal" @@ 1 :> "ExternalTransfer")
/\ queue = <<>>

@!@!@ENDMSG 2217 @!@!@
@!@!@STARTMSG 2217:4 @!@!@
11: <ExternalTransfer line 96, col 21 to line 102, col 57 of module CardTransfer>
/\ internal_balance = 2
/\ reversal_in_progress = FALSE
/\ balance_to_restore = defaultInitValue
/\ i = 2
/\ external_balance = 7
/\ pc = (0 :> "PollReversal" @@ 1 :> "SuccessfulInternalTransfer")
/\ queue = <<>>

@!@!@ENDMSG 2217 @!@!@
@!@!@STARTMSG 2217:4 @!@!@
12: <SuccessfulInternalTransfer line 104, col 31 to line 109, col 67 of module CardTransfer>
/\ internal_balance = 3
/\ reversal_in_progress = FALSE
/\ balance_to_restore = defaultInitValue
/\ i = 2
/\ external_balance = 7
/\ pc = (0 :> "PollReversal" @@ 1 :> "IncrCounterTryAgain")
/\ queue = <<>>

@!@!@ENDMSG 2217 @!@!@
@!@!@STARTMSG 2217:4 @!@!@
13: <IncrCounterTryAgain line 118, col 24 to line 123, col 60 of module CardTransfer>
/\ internal_balance = 3
/\ reversal_in_progress = FALSE
/\ balance_to_restore = defaultInitValue
/\ i = 3
/\ external_balance = 7
/\ pc = (0 :> "PollReversal" @@ 1 :> "ApproveTransfer")
/\ queue = <<>>

@!@!@ENDMSG 2217 @!@!@
@!@!@STARTMSG 2217:4 @!@!@
14: <ApproveTransfer line 88, col 20 to line 94, col 81 of module CardTransfer>
/\ internal_balance = 3
/\ reversal_in_progress = FALSE
/\ balance_to_restore = defaultInitValue
/\ i = 3
/\ external_balance = 7
/\ pc = (0 :> "PollReversal" @@ 1 :> "ExternalTransfer")
/\ queue = <<>>

@!@!@ENDMSG 2217 @!@!@
@!@!@STARTMSG 2217:4 @!@!@
15: <ExternalTransfer line 96, col 21 to line 102, col 57 of module CardTransfer>
/\ internal_balance = 3
/\ reversal_in_progress = FALSE
/\ balance_to_restore = defaultInitValue
/\ i = 3
/\ external_balance = 6
/\ pc = (0 :> "PollReversal" @@ 1 :> "SuccessfulInternalTransfer")
/\ queue = <<>>

@!@!@ENDMSG 2217 @!@!@
@!@!@STARTMSG 2217:4 @!@!@
16: <SuccessfulInternalTransfer line 104, col 31 to line 109, col 67 of module CardTransfer>
/\ internal_balance = 4
/\ reversal_in_progress = FALSE
/\ balance_to_restore = defaultInitValue
/\ i = 3
/\ external_balance = 6
/\ pc = (0 :> "PollReversal" @@ 1 :> "IncrCounterTryAgain")
/\ queue = <<>>

@!@!@ENDMSG 2217 @!@!@
@!@!@STARTMSG 2217:4 @!@!@
17: <IncrCounterTryAgain line 118, col 24 to line 123, col 60 of module CardTransfer>
/\ internal_balance = 4
/\ reversal_in_progress = FALSE
/\ balance_to_restore = defaultInitValue
/\ i = 4
/\ external_balance = 6
/\ pc = (0 :> "PollReversal" @@ 1 :> "ApproveTransfer")
/\ queue = <<>>

@!@!@ENDMSG 2217 @!@!@
@!@!@STARTMSG 2217:4 @!@!@
18: <ApproveTransfer line 88, col 20 to line 94, col 81 of module CardTransfer>
/\ internal_balance = 4
/\ reversal_in_progress = FALSE
/\ balance_to_restore = defaultInitValue
/\ i = 4
/\ external_balance = 6
/\ pc = (0 :> "PollReversal" @@ 1 :> "ExternalTransfer")
/\ queue = <<>>

@!@!@ENDMSG 2217 @!@!@
@!@!@STARTMSG 2217:4 @!@!@
19: <ExternalTransfer line 96, col 21 to line 102, col 57 of module CardTransfer>
/\ internal_balance = 4
/\ reversal_in_progress = FALSE
/\ balance_to_restore = defaultInitValue
/\ i = 4
/\ external_balance = 5
/\ pc = (0 :> "PollReversal" @@ 1 :> "SuccessfulInternalTransfer")
/\ queue = <<>>

@!@!@ENDMSG 2217 @!@!@
@!@!@STARTMSG 2217:4 @!@!@
20: <SuccessfulInternalTransfer line 104, col 31 to line 109, col 67 of module CardTransfer>
/\ internal_balance = 5
/\ reversal_in_progress = FALSE
/\ balance_to_restore = defaultInitValue
/\ i = 4
/\ external_balance = 5
/\ pc = (0 :> "PollReversal" @@ 1 :> "IncrCounterTryAgain")
/\ queue = <<>>

@!@!@ENDMSG 2217 @!@!@
@!@!@STARTMSG 2217:4 @!@!@
21: <IncrCounterTryAgain line 118, col 24 to line 123, col 60 of module CardTransfer>
/\ internal_balance = 5
/\ reversal_in_progress = FALSE
/\ balance_to_restore = defaultInitValue
/\ i = 5
/\ external_balance = 5
/\ pc = (0 :> "PollReversal" @@ 1 :> "ApproveTransfer")
/\ queue = <<>>

@!@!@ENDMSG 2217 @!@!@
@!@!@STARTMSG 2217:4 @!@!@
22: <ApproveTransfer line 88, col 20 to line 94, col 81 of module CardTransfer>
/\ internal_balance = 5
/\ reversal_in_progress = FALSE
/\ balance_to_restore = defaultInitValue
/\ i = 5
/\ external_balance = 5
/\ pc = (0 :> "PollReversal" @@ 1 :> "ExternalTransfer")
/\ queue = <<>>

@!@!@ENDMSG 2217 @!@!@
@!@!@STARTMSG 2217:4 @!@!@
23: <ExternalTransfer line 96, col 21 to line 102, col 57 of module CardTransfer>
/\ internal_balance = 5
/\ reversal_in_progress = FALSE
/\ balance_to_restore = defaultInitValue
/\ i = 5
/\ external_balance = 4
/\ pc = (0 :> "PollReversal" @@ 1 :> "SuccessfulInternalTransfer")
/\ queue = <<>>

@!@!@ENDMSG 2217 @!@!@
@!@!@STARTMSG 2217:4 @!@!@
24: <SuccessfulInternalTransfer line 104, col 31 to line 109, col 67 of module CardTransfer>
/\ internal_balance = 6
/\ reversal_in_progress = FALSE
/\ balance_to_restore = defaultInitValue
/\ i = 5
/\ external_balance = 4
/\ pc = (0 :> "PollReversal" @@ 1 :> "IncrCounterTryAgain")
/\ queue = <<>>

@!@!@ENDMSG 2217 @!@!@
@!@!@STARTMSG 2217:4 @!@!@
25: <IncrCounterTryAgain line 118, col 24 to line 123, col 60 of module CardTransfer>
/\ internal_balance = 6
/\ reversal_in_progress = FALSE
/\ balance_to_restore = defaultInitValue
/\ i = 6
/\ external_balance = 4
/\ pc = (0 :> "PollReversal" @@ 1 :> "ApproveTransfer")
/\ queue = <<>>

@!@!@ENDMSG 2217 @!@!@
@!@!@STARTMSG 2217:4 @!@!@
26: <ApproveTransfer line 88, col 20 to line 94, col 81 of module CardTransfer>
/\ internal_balance = 6
/\ reversal_in_progress = FALSE
/\ balance_to_restore = defaultInitValue
/\ i = 6
/\ external_balance = 4
/\ pc = (0 :> "PollReversal" @@ 1 :> "ExternalTransfer")
/\ queue = <<>>

@!@!@ENDMSG 2217 @!@!@
@!@!@STARTMSG 2217:4 @!@!@
27: <ExternalTransfer line 96, col 21 to line 102, col 57 of module CardTransfer>
/\ internal_balance = 6
/\ reversal_in_progress = FALSE
/\ balance_to_restore = defaultInitValue
/\ i = 6
/\ external_balance = 3
/\ pc = (0 :> "PollReversal" @@ 1 :> "SuccessfulInternalTransfer")
/\ queue = <<>>

@!@!@ENDMSG 2217 @!@!@
@!@!@STARTMSG 2217:4 @!@!@
28: <SuccessfulInternalTransfer line 104, col 31 to line 109, col 67 of module CardTransfer>
/\ internal_balance = 7
/\ reversal_in_progress = FALSE
/\ balance_to_restore = defaultInitValue
/\ i = 6
/\ external_balance = 3
/\ pc = (0 :> "PollReversal" @@ 1 :> "IncrCounterTryAgain")
/\ queue = <<>>

@!@!@ENDMSG 2217 @!@!@
@!@!@STARTMSG 2217:4 @!@!@
29: <IncrCounterTryAgain line 118, col 24 to line 123, col 60 of module CardTransfer>
/\ internal_balance = 7
/\ reversal_in_progress = FALSE
/\ balance_to_restore = defaultInitValue
/\ i = 7
/\ external_balance = 3
/\ pc = (0 :> "PollReversal" @@ 1 :> "ApproveTransfer")
/\ queue = <<>>

@!@!@ENDMSG 2217 @!@!@
@!@!@STARTMSG 2217:4 @!@!@
30: <ApproveTransfer line 88, col 20 to line 94, col 81 of module CardTransfer>
/\ internal_balance = 7
/\ reversal_in_progress = FALSE
/\ balance_to_restore = defaultInitValue
/\ i = 7
/\ external_balance = 3
/\ pc = (0 :> "PollReversal" @@ 1 :> "ExternalTransfer")
/\ queue = <<>>

@!@!@ENDMSG 2217 @!@!@
@!@!@STARTMSG 2217:4 @!@!@
31: <ExternalTransfer line 96, col 21 to line 102, col 57 of module CardTransfer>
/\ internal_balance = 7
/\ reversal_in_progress = FALSE
/\ balance_to_restore = defaultInitValue
/\ i = 7
/\ external_balance = 2
/\ pc = (0 :> "PollReversal" @@ 1 :> "SuccessfulInternalTransfer")
/\ queue = <<>>

@!@!@ENDMSG 2217 @!@!@
@!@!@STARTMSG 2217:4 @!@!@
32: <SuccessfulInternalTransfer line 104, col 31 to line 109, col 67 of module CardTransfer>
/\ internal_balance = 8
/\ reversal_in_progress = FALSE
/\ balance_to_restore = defaultInitValue
/\ i = 7
/\ external_balance = 2
/\ pc = (0 :> "PollReversal" @@ 1 :> "IncrCounterTryAgain")
/\ queue = <<>>

@!@!@ENDMSG 2217 @!@!@
@!@!@STARTMSG 2217:4 @!@!@
33: <IncrCounterTryAgain line 118, col 24 to line 123, col 60 of module CardTransfer>
/\ internal_balance = 8
/\ reversal_in_progress = FALSE
/\ balance_to_restore = defaultInitValue
/\ i = 8
/\ external_balance = 2
/\ pc = (0 :> "PollReversal" @@ 1 :> "ApproveTransfer")
/\ queue = <<>>

@!@!@ENDMSG 2217 @!@!@
@!@!@STARTMSG 2217:4 @!@!@
34: <ApproveTransfer line 88, col 20 to line 94, col 81 of module CardTransfer>
/\ internal_balance = 8
/\ reversal_in_progress = FALSE
/\ balance_to_restore = defaultInitValue
/\ i = 8
/\ external_balance = 2
/\ pc = (0 :> "PollReversal" @@ 1 :> "ExternalTransfer")
/\ queue = <<>>

@!@!@ENDMSG 2217 @!@!@
@!@!@STARTMSG 2217:4 @!@!@
35: <ExternalTransfer line 96, col 21 to line 102, col 57 of module CardTransfer>
/\ internal_balance = 8
/\ reversal_in_progress = FALSE
/\ balance_to_restore = defaultInitValue
/\ i = 8
/\ external_balance = 1
/\ pc = (0 :> "PollReversal" @@ 1 :> "SuccessfulInternalTransfer")
/\ queue = <<>>

@!@!@ENDMSG 2217 @!@!@
@!@!@STARTMSG 2217:4 @!@!@
36: <SuccessfulInternalTransfer line 104, col 31 to line 109, col 67 of module CardTransfer>
/\ internal_balance = 9
/\ reversal_in_progress = FALSE
/\ balance_to_restore = defaultInitValue
/\ i = 8
/\ external_balance = 1
/\ pc = (0 :> "PollReversal" @@ 1 :> "IncrCounterTryAgain")
/\ queue = <<>>

@!@!@ENDMSG 2217 @!@!@
@!@!@STARTMSG 2217:4 @!@!@
37: <IncrCounterTryAgain line 118, col 24 to line 123, col 60 of module CardTransfer>
/\ internal_balance = 9
/\ reversal_in_progress = FALSE
/\ balance_to_restore = defaultInitValue
/\ i = 9
/\ external_balance = 1
/\ pc = (0 :> "PollReversal" @@ 1 :> "ApproveTransfer")
/\ queue = <<>>

@!@!@ENDMSG 2217 @!@!@
@!@!@STARTMSG 2217:4 @!@!@
38: <ApproveTransfer line 88, col 20 to line 94, col 81 of module CardTransfer>
/\ internal_balance = 9
/\ reversal_in_progress = FALSE
/\ balance_to_restore = defaultInitValue
/\ i = 9
/\ external_balance = 1
/\ pc = (0 :> "PollReversal" @@ 1 :> "ExternalTransfer")
/\ queue = <<>>

@!@!@ENDMSG 2217 @!@!@
@!@!@STARTMSG 2217:4 @!@!@
39: <ExternalTransfer line 96, col 21 to line 102, col 57 of module CardTransfer>
/\ internal_balance = 9
/\ reversal_in_progress = FALSE
/\ balance_to_restore = defaultInitValue
/\ i = 9
/\ external_balance = 0
/\ pc = (0 :> "PollReversal" @@ 1 :> "SuccessfulInternalTransfer")
/\ queue = <<>>

@!@!@ENDMSG 2217 @!@!@
@!@!@STARTMSG 2217:4 @!@!@
40: <SuccessfulInternalTransfer line 104, col 31 to line 109, col 67 of module CardTransfer>
/\ internal_balance = 10
/\ reversal_in_progress = FALSE
/\ balance_to_restore = defaultInitValue
/\ i = 9
/\ external_balance = 0
/\ pc = (0 :> "PollReversal" @@ 1 :> "IncrCounterTryAgain")
/\ queue = <<>>

@!@!@ENDMSG 2217 @!@!@
@!@!@STARTMSG 2217:4 @!@!@
41: <IncrCounterTryAgain line 118, col 24 to line 123, col 60 of module CardTransfer>
/\ internal_balance = 10
/\ reversal_in_progress = FALSE
/\ balance_to_restore = defaultInitValue
/\ i = 10
/\ external_balance = 0
/\ pc = (0 :> "PollReversal" @@ 1 :> "ApproveTransfer")
/\ queue = <<>>

@!@!@ENDMSG 2217 @!@!@
@!@!@STARTMSG 2217:4 @!@!@
42: <ApproveTransfer line 88, col 20 to line 94, col 81 of module CardTransfer>
/\ internal_balance = 10
/\ reversal_in_progress = FALSE
/\ balance_to_restore = defaultInitValue
/\ i = 10
/\ external_balance = 0
/\ pc = (0 :> "PollReversal" @@ 1 :> "ExternalTransfer")
/\ queue = <<>>

@!@!@ENDMSG 2217 @!@!@
@!@!@STARTMSG 2217:4 @!@!@
43: <ExternalTransfer line 96, col 21 to line 102, col 57 of module CardTransfer>
/\ internal_balance = 10
/\ reversal_in_progress = FALSE
/\ balance_to_restore = defaultInitValue
/\ i = 10
/\ external_balance = -1
/\ pc = (0 :> "PollReversal" @@ 1 :> "SuccessfulInternalTransfer")
/\ queue = <<>>

@!@!@ENDMSG 2217 @!@!@
@!@!@STARTMSG 2201:0 @!@!@
The coverage statistics at 2022-03-08 23:11:18
@!@!@ENDMSG 2201 @!@!@
@!@!@STARTMSG 2773:0 @!@!@
<Init line 76, col 1 to line 76, col 4 of module CardTransfer>: 2:2
@!@!@ENDMSG 2773 @!@!@
@!@!@STARTMSG 2221:0 @!@!@
  line 77, col 9 to line 86, col 70 of module CardTransfer: 2
@!@!@ENDMSG 2221 @!@!@
@!@!@STARTMSG 2772:0 @!@!@
<ApproveTransfer line 88, col 1 to line 88, col 15 of module CardTransfer>: 68:79
@!@!@ENDMSG 2772 @!@!@
@!@!@STARTMSG 2221:0 @!@!@
  line 88, col 23 to line 88, col 47 of module CardTransfer: 676
@!@!@ENDMSG 2221 @!@!@
@!@!@STARTMSG 2221:0 @!@!@
  |line 88, col 23 to line 88, col 27 of module CardTransfer: 597
@!@!@ENDMSG 2221 @!@!@
@!@!@STARTMSG 2221:0 @!@!@
  line 89, col 26 to line 89, col 32 of module CardTransfer: 193
@!@!@ENDMSG 2221 @!@!@
@!@!@STARTMSG 2221:0 @!@!@
  line 90, col 34 to line 90, col 61 of module CardTransfer: 272
@!@!@ENDMSG 2221 @!@!@
@!@!@STARTMSG 2221:0 @!@!@
  |line 90, col 34 to line 90, col 53 of module CardTransfer: 193
@!@!@ENDMSG 2221 @!@!@
@!@!@STARTMSG 2221:0 @!@!@
  |line 90, col 57 to line 90, col 61 of module CardTransfer: 193
@!@!@ENDMSG 2221 @!@!@
@!@!@STARTMSG 2221:0 @!@!@
  line 91, col 34 to line 91, col 76 of module CardTransfer: 79
@!@!@ENDMSG 2221 @!@!@
@!@!@STARTMSG 2221:0 @!@!@
  line 92, col 34 to line 92, col 64 of module CardTransfer: 0
@!@!@ENDMSG 2221 @!@!@
@!@!@STARTMSG 2221:0 @!@!@
  line 93, col 23 to line 94, col 81 of module CardTransfer: 79
@!@!@ENDMSG 2221 @!@!@
@!@!@STARTMSG 2772:0 @!@!@
<ExternalTransfer line 96, col 1 to line 96, col 16 of module CardTransfer>: 127:149
@!@!@ENDMSG 2772 @!@!@
@!@!@STARTMSG 2221:0 @!@!@
  line 96, col 24 to line 96, col 49 of module CardTransfer: 659
@!@!@ENDMSG 2221 @!@!@
@!@!@STARTMSG 2221:0 @!@!@
  |line 96, col 24 to line 96, col 28 of module CardTransfer: 586
@!@!@ENDMSG 2221 @!@!@
@!@!@STARTMSG 2221:0 @!@!@
  line 97, col 24 to line 97, col 63 of module CardTransfer: 73
@!@!@ENDMSG 2221 @!@!@
@!@!@STARTMSG 2221:0 @!@!@
  |line 97, col 44 to line 97, col 63 of module CardTransfer: 76
@!@!@ENDMSG 2221 @!@!@
@!@!@STARTMSG 2221:0 @!@!@
  line 98, col 30 to line 98, col 82 of module CardTransfer: 73
@!@!@ENDMSG 2221 @!@!@
@!@!@STARTMSG 2221:0 @!@!@
  |line 98, col 36 to line 98, col 82 of module CardTransfer: 76
@!@!@ENDMSG 2221 @!@!@
@!@!@STARTMSG 2221:0 @!@!@
  line 99, col 27 to line 99, col 78 of module CardTransfer: 73
@!@!@ENDMSG 2221 @!@!@
@!@!@STARTMSG 2221:0 @!@!@
  line 100, col 24 to line 102, col 57 of module CardTransfer: 146
@!@!@ENDMSG 2221 @!@!@
@!@!@STARTMSG 2772:0 @!@!@
<SuccessfulInternalTransfer line 104, col 1 to line 104, col 26 of module CardTransfer>: 38:72
@!@!@ENDMSG 2772 @!@!@
@!@!@STARTMSG 2221:0 @!@!@
  line 104, col 34 to line 104, col 69 of module CardTransfer: 644
@!@!@ENDMSG 2221 @!@!@
@!@!@STARTMSG 2221:0 @!@!@
  |line 104, col 34 to line 104, col 38 of module CardTransfer: 572
@!@!@ENDMSG 2221 @!@!@
@!@!@STARTMSG 2221:0 @!@!@
  line 105, col 34 to line 105, col 73 of module CardTransfer: 72
@!@!@ENDMSG 2221 @!@!@
@!@!@STARTMSG 2221:0 @!@!@
  line 106, col 34 to line 106, col 79 of module CardTransfer: 72
@!@!@ENDMSG 2221 @!@!@
@!@!@STARTMSG 2221:0 @!@!@
  line 107, col 34 to line 109, col 67 of module CardTransfer: 72
@!@!@ENDMSG 2221 @!@!@
@!@!@STARTMSG 2772:0 @!@!@
<FailedInternalTransfer line 111, col 1 to line 111, col 22 of module CardTransfer>: 62:62
@!@!@ENDMSG 2772 @!@!@
@!@!@STARTMSG 2221:0 @!@!@
  line 111, col 30 to line 111, col 61 of module CardTransfer: 624
@!@!@ENDMSG 2221 @!@!@
@!@!@STARTMSG 2221:0 @!@!@
  |line 111, col 30 to line 111, col 34 of module CardTransfer: 562
@!@!@ENDMSG 2221 @!@!@
@!@!@STARTMSG 2221:0 @!@!@
  line 112, col 30 to line 112, col 57 of module CardTransfer: 62
@!@!@ENDMSG 2221 @!@!@
@!@!@STARTMSG 2221:0 @!@!@
  line 113, col 30 to line 113, col 54 of module CardTransfer: 62
@!@!@ENDMSG 2221 @!@!@
@!@!@STARTMSG 2221:0 @!@!@
  line 114, col 30 to line 114, col 75 of module CardTransfer: 62
@!@!@ENDMSG 2221 @!@!@
@!@!@STARTMSG 2221:0 @!@!@
  line 115, col 30 to line 116, col 66 of module CardTransfer: 62
@!@!@ENDMSG 2221 @!@!@
@!@!@STARTMSG 2772:0 @!@!@
<IncrCounterTryAgain line 118, col 1 to line 118, col 19 of module CardTransfer>: 101:194
@!@!@ENDMSG 2772 @!@!@
@!@!@STARTMSG 2221:0 @!@!@
  line 118, col 27 to line 118, col 55 of module CardTransfer: 756
@!@!@ENDMSG 2221 @!@!@
@!@!@STARTMSG 2221:0 @!@!@
  |line 118, col 27 to line 118, col 31 of module CardTransfer: 562
@!@!@ENDMSG 2221 @!@!@
@!@!@STARTMSG 2221:0 @!@!@
  line 119, col 27 to line 119, col 36 of module CardTransfer: 194
@!@!@ENDMSG 2221 @!@!@
@!@!@STARTMSG 2221:0 @!@!@
  line 120, col 27 to line 120, col 68 of module CardTransfer: 194
@!@!@ENDMSG 2221 @!@!@
@!@!@STARTMSG 2221:0 @!@!@
  line 121, col 27 to line 123, col 60 of module CardTransfer: 194
@!@!@ENDMSG 2221 @!@!@
@!@!@STARTMSG 2772:0 @!@!@
<PollReversal line 129, col 1 to line 129, col 12 of module CardTransfer>: 109:438
@!@!@ENDMSG 2772 @!@!@
@!@!@STARTMSG 2221:0 @!@!@
  line 129, col 20 to line 129, col 41 of module CardTransfer: 990
@!@!@ENDMSG 2221 @!@!@
@!@!@STARTMSG 2221:0 @!@!@
  |line 129, col 20 to line 129, col 24 of module CardTransfer: 552
@!@!@ENDMSG 2221 @!@!@
@!@!@STARTMSG 2221:0 @!@!@
  line 130, col 23 to line 130, col 36 of module CardTransfer: 438
@!@!@ENDMSG 2221 @!@!@
@!@!@STARTMSG 2221:0 @!@!@
  line 131, col 28 to line 131, col 67 of module CardTransfer: 116
@!@!@ENDMSG 2221 @!@!@
@!@!@STARTMSG 2221:0 @!@!@
  line 132, col 28 to line 132, col 69 of module CardTransfer: 322
@!@!@ENDMSG 2221 @!@!@
@!@!@STARTMSG 2221:0 @!@!@
  line 133, col 20 to line 134, col 78 of module CardTransfer: 438
@!@!@ENDMSG 2221 @!@!@
@!@!@STARTMSG 2772:0 @!@!@
<DoReversal line 136, col 1 to line 136, col 10 of module CardTransfer>: 64:114
@!@!@ENDMSG 2772 @!@!@
@!@!@STARTMSG 2221:0 @!@!@
  line 136, col 18 to line 136, col 37 of module CardTransfer: 666
@!@!@ENDMSG 2221 @!@!@
@!@!@STARTMSG 2221:0 @!@!@
  |line 136, col 18 to line 136, col 22 of module CardTransfer: 552
@!@!@ENDMSG 2221 @!@!@
@!@!@STARTMSG 2221:0 @!@!@
  line 137, col 18 to line 137, col 50 of module CardTransfer: 114
@!@!@ENDMSG 2221 @!@!@
@!@!@STARTMSG 2221:0 @!@!@
  line 138, col 18 to line 138, col 37 of module CardTransfer: 114
@!@!@ENDMSG 2221 @!@!@
@!@!@STARTMSG 2221:0 @!@!@
  line 139, col 18 to line 139, col 75 of module CardTransfer: 114
@!@!@ENDMSG 2221 @!@!@
@!@!@STARTMSG 2221:0 @!@!@
  line 140, col 18 to line 140, col 46 of module CardTransfer: 114
@!@!@ENDMSG 2221 @!@!@
@!@!@STARTMSG 2221:0 @!@!@
  line 141, col 18 to line 141, col 56 of module CardTransfer: 114
@!@!@ENDMSG 2221 @!@!@
@!@!@STARTMSG 2221:0 @!@!@
  line 142, col 18 to line 142, col 52 of module CardTransfer: 114
@!@!@ENDMSG 2221 @!@!@
@!@!@STARTMSG 2774:0 @!@!@
<NeverOverdraft line 67, col 1 to line 67, col 14 of module CardTransfer>
@!@!@ENDMSG 2774 @!@!@
@!@!@STARTMSG 2221:0 @!@!@
  line 67, col 19 to line 67, col 39 of module CardTransfer: 570
@!@!@ENDMSG 2221 @!@!@
@!@!@STARTMSG 2202:0 @!@!@
End of statistics.
@!@!@ENDMSG 2202 @!@!@
@!@!@STARTMSG 2200:0 @!@!@
Progress(56) at 2022-03-08 23:11:18: 1,056 states generated (32,761 s/min), 570 distinct states found (17,683 ds/min), 12 states left on queue.
@!@!@ENDMSG 2200 @!@!@
@!@!@STARTMSG 2199:0 @!@!@
1056 states generated, 570 distinct states found, 12 states left on queue.
@!@!@ENDMSG 2199 @!@!@
@!@!@STARTMSG 2194:0 @!@!@
The depth of the complete state graph search is 56.
@!@!@ENDMSG 2194 @!@!@
@!@!@STARTMSG 2268:0 @!@!@
The average outdegree of the complete state graph is 1 (minimum is 0, the maximum 2 and the 95th percentile is 2).
@!@!@ENDMSG 2268 @!@!@
@!@!@STARTMSG 2186:0 @!@!@
Finished in 1955ms at (2022-03-08 23:11:18)
@!@!@ENDMSG 2186 @!@!@
