@!@!@STARTMSG 2262:0 @!@!@
TLC2 Version 2.16 of 31 December 2020 (rev: cdddf55)
@!@!@ENDMSG 2262 @!@!@
@!@!@STARTMSG 2187:0 @!@!@
Running breadth-first search Model-Checking with fp 122 and seed -4791801178651846857 with 4 workers on 8 cores with 608MB heap and 1365MB offheap memory [pid: 86859] (Mac OS X 10.16 x86_64, AdoptOpenJDK 14.0.1 x86_64, OffHeapDiskFPSet, DiskStateQueue).
@!@!@ENDMSG 2187 @!@!@
@!@!@STARTMSG 2220:0 @!@!@
Starting SANY...
@!@!@ENDMSG 2220 @!@!@
Parsing file /Users/andrewhao/workspace/tuxedo-tutes/specs/CardTransfer/CardTransfer.toolbox/Model_2/MC.tla
Parsing file /Users/andrewhao/workspace/tuxedo-tutes/specs/CardTransfer/CardTransfer.toolbox/Model_2/CardTransfer.tla
Parsing file /Applications/TLA+ Toolbox.app/Contents/Eclipse/plugins/org.lamport.tlatools_1.0.0.202012311918/tla2sany/StandardModules/TLC.tla
Parsing file /Applications/TLA+ Toolbox.app/Contents/Eclipse/plugins/org.lamport.tlatools_1.0.0.202012311918/tla2sany/StandardModules/Integers.tla
Parsing file /Applications/TLA+ Toolbox.app/Contents/Eclipse/plugins/org.lamport.tlatools_1.0.0.202012311918/tla2sany/StandardModules/Sequences.tla
Parsing file /Applications/TLA+ Toolbox.app/Contents/Eclipse/plugins/org.lamport.tlatools_1.0.0.202012311918/tla2sany/StandardModules/Naturals.tla
Parsing file /Applications/TLA+ Toolbox.app/Contents/Eclipse/plugins/org.lamport.tlatools_1.0.0.202012311918/tla2sany/StandardModules/FiniteSets.tla
Semantic processing of module Naturals
Semantic processing of module Sequences
Semantic processing of module FiniteSets
Semantic processing of module TLC
Semantic processing of module Integers
Semantic processing of module CardTransfer
Semantic processing of module MC
@!@!@STARTMSG 2219:0 @!@!@
SANY finished.
@!@!@ENDMSG 2219 @!@!@
@!@!@STARTMSG 2185:0 @!@!@
Starting... (2022-03-08 23:08:59)
@!@!@ENDMSG 2185 @!@!@
@!@!@STARTMSG 2189:0 @!@!@
Computing initial states...
@!@!@ENDMSG 2189 @!@!@
@!@!@STARTMSG 2190:0 @!@!@
Finished computing initial states: 1 distinct state generated at 2022-03-08 23:08:59.
@!@!@ENDMSG 2190 @!@!@
@!@!@STARTMSG 2110:1 @!@!@
Invariant NeverOverdraft is violated.
@!@!@ENDMSG 2110 @!@!@
@!@!@STARTMSG 2121:1 @!@!@
The behavior up to this point is:
@!@!@ENDMSG 2121 @!@!@
@!@!@STARTMSG 2217:4 @!@!@
1: <Initial predicate>
/\ internal_balance = 0
/\ reversal_in_progress = FALSE
/\ balance_to_restore = defaultInitValue
/\ i = 0
/\ external_balance = 1
/\ pc = (0 :> "PollReversal" @@ 1 :> "ApproveTransfer")
/\ queue = <<>>

@!@!@ENDMSG 2217 @!@!@
@!@!@STARTMSG 2217:4 @!@!@
2: <ApproveTransfer line 90, col 20 to line 94, col 81 of module CardTransfer>
/\ internal_balance = 0
/\ reversal_in_progress = FALSE
/\ balance_to_restore = defaultInitValue
/\ i = 0
/\ external_balance = 1
/\ pc = (0 :> "PollReversal" @@ 1 :> "ExternalTransfer")
/\ queue = <<>>

@!@!@ENDMSG 2217 @!@!@
@!@!@STARTMSG 2217:4 @!@!@
3: <ExternalTransfer line 96, col 21 to line 102, col 57 of module CardTransfer>
/\ internal_balance = 0
/\ reversal_in_progress = FALSE
/\ balance_to_restore = defaultInitValue
/\ i = 0
/\ external_balance = 0
/\ pc = (0 :> "PollReversal" @@ 1 :> "SuccessfulInternalTransfer")
/\ queue = <<>>

@!@!@ENDMSG 2217 @!@!@
@!@!@STARTMSG 2217:4 @!@!@
4: <SuccessfulInternalTransfer line 104, col 31 to line 109, col 67 of module CardTransfer>
/\ internal_balance = 1
/\ reversal_in_progress = FALSE
/\ balance_to_restore = defaultInitValue
/\ i = 0
/\ external_balance = 0
/\ pc = (0 :> "PollReversal" @@ 1 :> "ExternalTransferAgain")
/\ queue = <<>>

@!@!@ENDMSG 2217 @!@!@
@!@!@STARTMSG 2217:4 @!@!@
5: <ExternalTransferAgain line 118, col 26 to line 123, col 62 of module CardTransfer>
/\ internal_balance = 2
/\ reversal_in_progress = FALSE
/\ balance_to_restore = defaultInitValue
/\ i = 0
/\ external_balance = -1
/\ pc = (0 :> "PollReversal" @@ 1 :> "Done")
/\ queue = <<>>

@!@!@ENDMSG 2217 @!@!@
@!@!@STARTMSG 2201:0 @!@!@
The coverage statistics at 2022-03-08 23:08:59
@!@!@ENDMSG 2201 @!@!@
@!@!@STARTMSG 2773:0 @!@!@
<Init line 78, col 1 to line 78, col 4 of module CardTransfer>: 2:2
@!@!@ENDMSG 2773 @!@!@
@!@!@STARTMSG 2221:0 @!@!@
  line 79, col 9 to line 88, col 70 of module CardTransfer: 2
@!@!@ENDMSG 2221 @!@!@
@!@!@STARTMSG 2772:0 @!@!@
<ApproveTransfer line 90, col 1 to line 90, col 15 of module CardTransfer>: 1:2
@!@!@ENDMSG 2772 @!@!@
@!@!@STARTMSG 2221:0 @!@!@
  line 90, col 23 to line 90, col 47 of module CardTransfer: 12
@!@!@ENDMSG 2221 @!@!@
@!@!@STARTMSG 2221:0 @!@!@
  |line 90, col 23 to line 90, col 27 of module CardTransfer: 10
@!@!@ENDMSG 2221 @!@!@
@!@!@STARTMSG 2221:0 @!@!@
  line 91, col 23 to line 91, col 50 of module CardTransfer: 4
@!@!@ENDMSG 2221 @!@!@
@!@!@STARTMSG 2221:0 @!@!@
  |line 91, col 23 to line 91, col 42 of module CardTransfer: 2
@!@!@ENDMSG 2221 @!@!@
@!@!@STARTMSG 2221:0 @!@!@
  |line 91, col 46 to line 91, col 50 of module CardTransfer: 2
@!@!@ENDMSG 2221 @!@!@
@!@!@STARTMSG 2221:0 @!@!@
  line 92, col 23 to line 92, col 65 of module CardTransfer: 2
@!@!@ENDMSG 2221 @!@!@
@!@!@STARTMSG 2221:0 @!@!@
  line 93, col 23 to line 94, col 81 of module CardTransfer: 2
@!@!@ENDMSG 2221 @!@!@
@!@!@STARTMSG 2772:0 @!@!@
<ExternalTransfer line 96, col 1 to line 96, col 16 of module CardTransfer>: 2:4
@!@!@ENDMSG 2772 @!@!@
@!@!@STARTMSG 2221:0 @!@!@
  line 96, col 24 to line 96, col 49 of module CardTransfer: 11
@!@!@ENDMSG 2221 @!@!@
@!@!@STARTMSG 2221:0 @!@!@
  |line 96, col 24 to line 96, col 28 of module CardTransfer: 9
@!@!@ENDMSG 2221 @!@!@
@!@!@STARTMSG 2221:0 @!@!@
  line 97, col 24 to line 97, col 63 of module CardTransfer: 2
@!@!@ENDMSG 2221 @!@!@
@!@!@STARTMSG 2221:0 @!@!@
  line 98, col 24 to line 99, col 78 of module CardTransfer: 2
@!@!@ENDMSG 2221 @!@!@
@!@!@STARTMSG 2221:0 @!@!@
  line 100, col 24 to line 102, col 57 of module CardTransfer: 4
@!@!@ENDMSG 2221 @!@!@
@!@!@STARTMSG 2772:0 @!@!@
<SuccessfulInternalTransfer line 104, col 1 to line 104, col 26 of module CardTransfer>: 1:2
@!@!@ENDMSG 2772 @!@!@
@!@!@STARTMSG 2221:0 @!@!@
  line 104, col 34 to line 104, col 69 of module CardTransfer: 10
@!@!@ENDMSG 2221 @!@!@
@!@!@STARTMSG 2221:0 @!@!@
  |line 104, col 34 to line 104, col 38 of module CardTransfer: 8
@!@!@ENDMSG 2221 @!@!@
@!@!@STARTMSG 2221:0 @!@!@
  line 105, col 34 to line 105, col 73 of module CardTransfer: 2
@!@!@ENDMSG 2221 @!@!@
@!@!@STARTMSG 2221:0 @!@!@
  line 106, col 34 to line 106, col 81 of module CardTransfer: 2
@!@!@ENDMSG 2221 @!@!@
@!@!@STARTMSG 2221:0 @!@!@
  line 107, col 34 to line 109, col 67 of module CardTransfer: 2
@!@!@ENDMSG 2221 @!@!@
@!@!@STARTMSG 2772:0 @!@!@
<FailedInternalTransfer line 111, col 1 to line 111, col 22 of module CardTransfer>: 1:1
@!@!@ENDMSG 2772 @!@!@
@!@!@STARTMSG 2221:0 @!@!@
  line 111, col 30 to line 111, col 61 of module CardTransfer: 8
@!@!@ENDMSG 2221 @!@!@
@!@!@STARTMSG 2221:0 @!@!@
  |line 111, col 30 to line 111, col 34 of module CardTransfer: 7
@!@!@ENDMSG 2221 @!@!@
@!@!@STARTMSG 2221:0 @!@!@
  line 112, col 30 to line 112, col 57 of module CardTransfer: 1
@!@!@ENDMSG 2221 @!@!@
@!@!@STARTMSG 2221:0 @!@!@
  line 113, col 30 to line 113, col 54 of module CardTransfer: 1
@!@!@ENDMSG 2221 @!@!@
@!@!@STARTMSG 2221:0 @!@!@
  line 114, col 30 to line 114, col 77 of module CardTransfer: 1
@!@!@ENDMSG 2221 @!@!@
@!@!@STARTMSG 2221:0 @!@!@
  line 115, col 30 to line 116, col 66 of module CardTransfer: 1
@!@!@ENDMSG 2221 @!@!@
@!@!@STARTMSG 2772:0 @!@!@
<ExternalTransferAgain line 118, col 1 to line 118, col 21 of module CardTransfer>: 2:3
@!@!@ENDMSG 2772 @!@!@
@!@!@STARTMSG 2221:0 @!@!@
  line 118, col 29 to line 118, col 59 of module CardTransfer: 8
@!@!@ENDMSG 2221 @!@!@
@!@!@STARTMSG 2221:0 @!@!@
  |line 118, col 29 to line 118, col 33 of module CardTransfer: 7
@!@!@ENDMSG 2221 @!@!@
@!@!@STARTMSG 2221:0 @!@!@
  line 119, col 29 to line 119, col 68 of module CardTransfer: 1
@!@!@ENDMSG 2221 @!@!@
@!@!@STARTMSG 2221:0 @!@!@
  |line 119, col 49 to line 119, col 68 of module CardTransfer: 3
@!@!@ENDMSG 2221 @!@!@
@!@!@STARTMSG 2221:0 @!@!@
  line 120, col 29 to line 120, col 68 of module CardTransfer: 1
@!@!@ENDMSG 2221 @!@!@
@!@!@STARTMSG 2221:0 @!@!@
  |line 120, col 49 to line 120, col 68 of module CardTransfer: 3
@!@!@ENDMSG 2221 @!@!@
@!@!@STARTMSG 2221:0 @!@!@
  line 121, col 29 to line 121, col 59 of module CardTransfer: 1
@!@!@ENDMSG 2221 @!@!@
@!@!@STARTMSG 2221:0 @!@!@
  |line 121, col 35 to line 121, col 59 of module CardTransfer: 3
@!@!@ENDMSG 2221 @!@!@
@!@!@STARTMSG 2221:0 @!@!@
  line 122, col 29 to line 123, col 62 of module CardTransfer: 1
@!@!@ENDMSG 2221 @!@!@
@!@!@STARTMSG 2772:0 @!@!@
<PollReversal line 129, col 1 to line 129, col 12 of module CardTransfer>: 0:4
@!@!@ENDMSG 2772 @!@!@
@!@!@STARTMSG 2221:0 @!@!@
  line 129, col 20 to line 129, col 41 of module CardTransfer: 8
@!@!@ENDMSG 2221 @!@!@
@!@!@STARTMSG 2221:0 @!@!@
  |line 129, col 20 to line 129, col 24 of module CardTransfer: 4
@!@!@ENDMSG 2221 @!@!@
@!@!@STARTMSG 2221:0 @!@!@
  line 130, col 23 to line 130, col 36 of module CardTransfer: 4
@!@!@ENDMSG 2221 @!@!@
@!@!@STARTMSG 2221:0 @!@!@
  line 131, col 31 to line 131, col 67 of module CardTransfer: 0
@!@!@ENDMSG 2221 @!@!@
@!@!@STARTMSG 2221:0 @!@!@
  line 132, col 28 to line 132, col 69 of module CardTransfer: 4
@!@!@ENDMSG 2221 @!@!@
@!@!@STARTMSG 2221:0 @!@!@
  line 133, col 20 to line 134, col 78 of module CardTransfer: 4
@!@!@ENDMSG 2221 @!@!@
@!@!@STARTMSG 2772:0 @!@!@
<DoReversal line 136, col 1 to line 136, col 10 of module CardTransfer>: 0:0
@!@!@ENDMSG 2772 @!@!@
@!@!@STARTMSG 2221:0 @!@!@
  line 136, col 18 to line 136, col 37 of module CardTransfer: 4
@!@!@ENDMSG 2221 @!@!@
@!@!@STARTMSG 2221:0 @!@!@
  line 137, col 18 to line 137, col 50 of module CardTransfer: 0
@!@!@ENDMSG 2221 @!@!@
@!@!@STARTMSG 2221:0 @!@!@
  line 138, col 18 to line 138, col 37 of module CardTransfer: 0
@!@!@ENDMSG 2221 @!@!@
@!@!@STARTMSG 2221:0 @!@!@
  line 139, col 18 to line 139, col 75 of module CardTransfer: 0
@!@!@ENDMSG 2221 @!@!@
@!@!@STARTMSG 2221:0 @!@!@
  line 140, col 18 to line 140, col 46 of module CardTransfer: 0
@!@!@ENDMSG 2221 @!@!@
@!@!@STARTMSG 2221:0 @!@!@
  line 141, col 18 to line 141, col 56 of module CardTransfer: 0
@!@!@ENDMSG 2221 @!@!@
@!@!@STARTMSG 2221:0 @!@!@
  line 142, col 18 to line 142, col 52 of module CardTransfer: 0
@!@!@ENDMSG 2221 @!@!@
@!@!@STARTMSG 2774:0 @!@!@
<NeverOverdraft line 69, col 1 to line 69, col 14 of module CardTransfer>
@!@!@ENDMSG 2774 @!@!@
@!@!@STARTMSG 2221:0 @!@!@
  line 69, col 19 to line 69, col 39 of module CardTransfer: 8
@!@!@ENDMSG 2221 @!@!@
@!@!@STARTMSG 2202:0 @!@!@
End of statistics.
@!@!@ENDMSG 2202 @!@!@
@!@!@STARTMSG 2200:0 @!@!@
Progress(5) at 2022-03-08 23:08:59: 12 states generated (401 s/min), 8 distinct states found (267 ds/min), 0 states left on queue.
@!@!@ENDMSG 2200 @!@!@
@!@!@STARTMSG 2199:0 @!@!@
12 states generated, 8 distinct states found, 0 states left on queue.
@!@!@ENDMSG 2199 @!@!@
@!@!@STARTMSG 2194:0 @!@!@
The depth of the complete state graph search is 5.
@!@!@ENDMSG 2194 @!@!@
@!@!@STARTMSG 2268:0 @!@!@
The average outdegree of the complete state graph is 1 (minimum is 1, the maximum 2 and the 95th percentile is 2).
@!@!@ENDMSG 2268 @!@!@
@!@!@STARTMSG 2186:0 @!@!@
Finished in 1815ms at (2022-03-08 23:08:59)
@!@!@ENDMSG 2186 @!@!@
