@!@!@STARTMSG 2262:0 @!@!@
TLC2 Version 2.16 of 31 December 2020 (rev: cdddf55)
@!@!@ENDMSG 2262 @!@!@
@!@!@STARTMSG 2187:0 @!@!@
Running breadth-first search Model-Checking with fp 89 and seed 2053014976036948505 with 4 workers on 8 cores with 608MB heap and 1365MB offheap memory [pid: 86412] (Mac OS X 10.16 x86_64, AdoptOpenJDK 14.0.1 x86_64, OffHeapDiskFPSet, DiskStateQueue).
@!@!@ENDMSG 2187 @!@!@
@!@!@STARTMSG 2220:0 @!@!@
Starting SANY...
@!@!@ENDMSG 2220 @!@!@
Parsing file /Users/andrewhao/workspace/tuxedo-tutes/specs/CardTransfer/CardTransfer.toolbox/Model_2/MC.tla
Parsing file /Users/andrewhao/workspace/tuxedo-tutes/specs/CardTransfer/CardTransfer.toolbox/Model_2/CardTransfer.tla
Parsing file /Applications/TLA+ Toolbox.app/Contents/Eclipse/plugins/org.lamport.tlatools_1.0.0.202012311918/tla2sany/StandardModules/TLC.tla
Parsing file /Applications/TLA+ Toolbox.app/Contents/Eclipse/plugins/org.lamport.tlatools_1.0.0.202012311918/tla2sany/StandardModules/Integers.tla
Parsing file /Applications/TLA+ Toolbox.app/Contents/Eclipse/plugins/org.lamport.tlatools_1.0.0.202012311918/tla2sany/StandardModules/Sequences.tla
Parsing file /Applications/TLA+ Toolbox.app/Contents/Eclipse/plugins/org.lamport.tlatools_1.0.0.202012311918/tla2sany/StandardModules/Naturals.tla
Parsing file /Applications/TLA+ Toolbox.app/Contents/Eclipse/plugins/org.lamport.tlatools_1.0.0.202012311918/tla2sany/StandardModules/FiniteSets.tla
Semantic processing of module Naturals
Semantic processing of module Sequences
Semantic processing of module FiniteSets
Semantic processing of module TLC
Semantic processing of module Integers
Semantic processing of module CardTransfer
Semantic processing of module MC
@!@!@STARTMSG 2219:0 @!@!@
SANY finished.
@!@!@ENDMSG 2219 @!@!@
@!@!@STARTMSG 2185:0 @!@!@
Starting... (2022-03-08 22:57:30)
@!@!@ENDMSG 2185 @!@!@
@!@!@STARTMSG 2189:0 @!@!@
Computing initial states...
@!@!@ENDMSG 2189 @!@!@
@!@!@STARTMSG 2190:0 @!@!@
Finished computing initial states: 1 distinct state generated at 2022-03-08 22:57:30.
@!@!@ENDMSG 2190 @!@!@
@!@!@STARTMSG 2110:1 @!@!@
Invariant NeverOverdraft is violated.
@!@!@ENDMSG 2110 @!@!@
@!@!@STARTMSG 2121:1 @!@!@
The behavior up to this point is:
@!@!@ENDMSG 2121 @!@!@
@!@!@STARTMSG 2217:4 @!@!@
1: <Initial predicate>
/\ internal_balance = 0
/\ balance_to_restore = defaultInitValue
/\ i = 0
/\ external_balance = 10
/\ pc = (0 :> "DoReversal" @@ 1 :> "ApproveTransfer")
/\ queue = <<>>

@!@!@ENDMSG 2217 @!@!@
@!@!@STARTMSG 2217:4 @!@!@
2: <ApproveTransfer line 83, col 20 to line 88, col 59 of module CardTransfer>
/\ internal_balance = 0
/\ balance_to_restore = defaultInitValue
/\ i = 0
/\ external_balance = 10
/\ pc = (0 :> "DoReversal" @@ 1 :> "ExternalTransfer")
/\ queue = <<>>

@!@!@ENDMSG 2217 @!@!@
@!@!@STARTMSG 2217:4 @!@!@
3: <ExternalTransfer line 90, col 21 to line 95, col 57 of module CardTransfer>
/\ internal_balance = 0
/\ balance_to_restore = defaultInitValue
/\ i = 0
/\ external_balance = 9
/\ pc = (0 :> "DoReversal" @@ 1 :> "FailedInternalTransfer")
/\ queue = <<>>

@!@!@ENDMSG 2217 @!@!@
@!@!@STARTMSG 2217:4 @!@!@
4: <FailedInternalTransfer line 103, col 27 to line 107, col 66 of module CardTransfer>
/\ internal_balance = 0
/\ balance_to_restore = defaultInitValue
/\ i = 0
/\ external_balance = 9
/\ pc = (0 :> "DoReversal" @@ 1 :> "IncrCounterTryAgain")
/\ queue = <<1>>

@!@!@ENDMSG 2217 @!@!@
@!@!@STARTMSG 2217:4 @!@!@
5: <IncrCounterTryAgain line 109, col 24 to line 113, col 78 of module CardTransfer>
/\ internal_balance = 0
/\ balance_to_restore = defaultInitValue
/\ i = 1
/\ external_balance = 9
/\ pc = (0 :> "DoReversal" @@ 1 :> "ApproveTransfer")
/\ queue = <<1>>

@!@!@ENDMSG 2217 @!@!@
@!@!@STARTMSG 2217:4 @!@!@
6: <ApproveTransfer line 83, col 20 to line 88, col 59 of module CardTransfer>
/\ internal_balance = 0
/\ balance_to_restore = defaultInitValue
/\ i = 1
/\ external_balance = 9
/\ pc = (0 :> "DoReversal" @@ 1 :> "ExternalTransfer")
/\ queue = <<1>>

@!@!@ENDMSG 2217 @!@!@
@!@!@STARTMSG 2217:4 @!@!@
7: <ExternalTransfer line 90, col 21 to line 95, col 57 of module CardTransfer>
/\ internal_balance = 0
/\ balance_to_restore = defaultInitValue
/\ i = 1
/\ external_balance = 8
/\ pc = (0 :> "DoReversal" @@ 1 :> "SuccessfulInternalTransfer")
/\ queue = <<1>>

@!@!@ENDMSG 2217 @!@!@
@!@!@STARTMSG 2217:4 @!@!@
8: <SuccessfulInternalTransfer line 97, col 31 to line 101, col 67 of module CardTransfer>
/\ internal_balance = 1
/\ balance_to_restore = defaultInitValue
/\ i = 1
/\ external_balance = 8
/\ pc = (0 :> "DoReversal" @@ 1 :> "IncrCounterTryAgain")
/\ queue = <<1>>

@!@!@ENDMSG 2217 @!@!@
@!@!@STARTMSG 2217:4 @!@!@
9: <IncrCounterTryAgain line 109, col 24 to line 113, col 78 of module CardTransfer>
/\ internal_balance = 1
/\ balance_to_restore = defaultInitValue
/\ i = 2
/\ external_balance = 8
/\ pc = (0 :> "DoReversal" @@ 1 :> "ApproveTransfer")
/\ queue = <<1>>

@!@!@ENDMSG 2217 @!@!@
@!@!@STARTMSG 2217:4 @!@!@
10: <ApproveTransfer line 83, col 20 to line 88, col 59 of module CardTransfer>
/\ internal_balance = 1
/\ balance_to_restore = defaultInitValue
/\ i = 2
/\ external_balance = 8
/\ pc = (0 :> "DoReversal" @@ 1 :> "ExternalTransfer")
/\ queue = <<1>>

@!@!@ENDMSG 2217 @!@!@
@!@!@STARTMSG 2217:4 @!@!@
11: <ExternalTransfer line 90, col 21 to line 95, col 57 of module CardTransfer>
/\ internal_balance = 1
/\ balance_to_restore = defaultInitValue
/\ i = 2
/\ external_balance = 7
/\ pc = (0 :> "DoReversal" @@ 1 :> "SuccessfulInternalTransfer")
/\ queue = <<1>>

@!@!@ENDMSG 2217 @!@!@
@!@!@STARTMSG 2217:4 @!@!@
12: <SuccessfulInternalTransfer line 97, col 31 to line 101, col 67 of module CardTransfer>
/\ internal_balance = 2
/\ balance_to_restore = defaultInitValue
/\ i = 2
/\ external_balance = 7
/\ pc = (0 :> "DoReversal" @@ 1 :> "IncrCounterTryAgain")
/\ queue = <<1>>

@!@!@ENDMSG 2217 @!@!@
@!@!@STARTMSG 2217:4 @!@!@
13: <IncrCounterTryAgain line 109, col 24 to line 113, col 78 of module CardTransfer>
/\ internal_balance = 2
/\ balance_to_restore = defaultInitValue
/\ i = 3
/\ external_balance = 7
/\ pc = (0 :> "DoReversal" @@ 1 :> "ApproveTransfer")
/\ queue = <<1>>

@!@!@ENDMSG 2217 @!@!@
@!@!@STARTMSG 2217:4 @!@!@
14: <ApproveTransfer line 83, col 20 to line 88, col 59 of module CardTransfer>
/\ internal_balance = 2
/\ balance_to_restore = defaultInitValue
/\ i = 3
/\ external_balance = 7
/\ pc = (0 :> "DoReversal" @@ 1 :> "ExternalTransfer")
/\ queue = <<1>>

@!@!@ENDMSG 2217 @!@!@
@!@!@STARTMSG 2217:4 @!@!@
15: <ExternalTransfer line 90, col 21 to line 95, col 57 of module CardTransfer>
/\ internal_balance = 2
/\ balance_to_restore = defaultInitValue
/\ i = 3
/\ external_balance = 6
/\ pc = (0 :> "DoReversal" @@ 1 :> "FailedInternalTransfer")
/\ queue = <<1>>

@!@!@ENDMSG 2217 @!@!@
@!@!@STARTMSG 2217:4 @!@!@
16: <FailedInternalTransfer line 103, col 27 to line 107, col 66 of module CardTransfer>
/\ internal_balance = 2
/\ balance_to_restore = defaultInitValue
/\ i = 3
/\ external_balance = 6
/\ pc = (0 :> "DoReversal" @@ 1 :> "IncrCounterTryAgain")
/\ queue = <<1, 1>>

@!@!@ENDMSG 2217 @!@!@
@!@!@STARTMSG 2217:4 @!@!@
17: <IncrCounterTryAgain line 109, col 24 to line 113, col 78 of module CardTransfer>
/\ internal_balance = 2
/\ balance_to_restore = defaultInitValue
/\ i = 4
/\ external_balance = 6
/\ pc = (0 :> "DoReversal" @@ 1 :> "ApproveTransfer")
/\ queue = <<1, 1>>

@!@!@ENDMSG 2217 @!@!@
@!@!@STARTMSG 2217:4 @!@!@
18: <ApproveTransfer line 83, col 20 to line 88, col 59 of module CardTransfer>
/\ internal_balance = 2
/\ balance_to_restore = defaultInitValue
/\ i = 4
/\ external_balance = 6
/\ pc = (0 :> "DoReversal" @@ 1 :> "ExternalTransfer")
/\ queue = <<1, 1>>

@!@!@ENDMSG 2217 @!@!@
@!@!@STARTMSG 2217:4 @!@!@
19: <ExternalTransfer line 90, col 21 to line 95, col 57 of module CardTransfer>
/\ internal_balance = 2
/\ balance_to_restore = defaultInitValue
/\ i = 4
/\ external_balance = 5
/\ pc = (0 :> "DoReversal" @@ 1 :> "SuccessfulInternalTransfer")
/\ queue = <<1, 1>>

@!@!@ENDMSG 2217 @!@!@
@!@!@STARTMSG 2217:4 @!@!@
20: <SuccessfulInternalTransfer line 97, col 31 to line 101, col 67 of module CardTransfer>
/\ internal_balance = 3
/\ balance_to_restore = defaultInitValue
/\ i = 4
/\ external_balance = 5
/\ pc = (0 :> "DoReversal" @@ 1 :> "IncrCounterTryAgain")
/\ queue = <<1, 1>>

@!@!@ENDMSG 2217 @!@!@
@!@!@STARTMSG 2217:4 @!@!@
21: <IncrCounterTryAgain line 109, col 24 to line 113, col 78 of module CardTransfer>
/\ internal_balance = 3
/\ balance_to_restore = defaultInitValue
/\ i = 5
/\ external_balance = 5
/\ pc = (0 :> "DoReversal" @@ 1 :> "ApproveTransfer")
/\ queue = <<1, 1>>

@!@!@ENDMSG 2217 @!@!@
@!@!@STARTMSG 2217:4 @!@!@
22: <ApproveTransfer line 83, col 20 to line 88, col 59 of module CardTransfer>
/\ internal_balance = 3
/\ balance_to_restore = defaultInitValue
/\ i = 5
/\ external_balance = 5
/\ pc = (0 :> "DoReversal" @@ 1 :> "ExternalTransfer")
/\ queue = <<1, 1>>

@!@!@ENDMSG 2217 @!@!@
@!@!@STARTMSG 2217:4 @!@!@
23: <ExternalTransfer line 90, col 21 to line 95, col 57 of module CardTransfer>
/\ internal_balance = 3
/\ balance_to_restore = defaultInitValue
/\ i = 5
/\ external_balance = 4
/\ pc = (0 :> "DoReversal" @@ 1 :> "SuccessfulInternalTransfer")
/\ queue = <<1, 1>>

@!@!@ENDMSG 2217 @!@!@
@!@!@STARTMSG 2217:4 @!@!@
24: <SuccessfulInternalTransfer line 97, col 31 to line 101, col 67 of module CardTransfer>
/\ internal_balance = 4
/\ balance_to_restore = defaultInitValue
/\ i = 5
/\ external_balance = 4
/\ pc = (0 :> "DoReversal" @@ 1 :> "IncrCounterTryAgain")
/\ queue = <<1, 1>>

@!@!@ENDMSG 2217 @!@!@
@!@!@STARTMSG 2217:4 @!@!@
25: <IncrCounterTryAgain line 109, col 24 to line 113, col 78 of module CardTransfer>
/\ internal_balance = 4
/\ balance_to_restore = defaultInitValue
/\ i = 6
/\ external_balance = 4
/\ pc = (0 :> "DoReversal" @@ 1 :> "ApproveTransfer")
/\ queue = <<1, 1>>

@!@!@ENDMSG 2217 @!@!@
@!@!@STARTMSG 2217:4 @!@!@
26: <ApproveTransfer line 83, col 20 to line 88, col 59 of module CardTransfer>
/\ internal_balance = 4
/\ balance_to_restore = defaultInitValue
/\ i = 6
/\ external_balance = 4
/\ pc = (0 :> "DoReversal" @@ 1 :> "ExternalTransfer")
/\ queue = <<1, 1>>

@!@!@ENDMSG 2217 @!@!@
@!@!@STARTMSG 2217:4 @!@!@
27: <ExternalTransfer line 90, col 21 to line 95, col 57 of module CardTransfer>
/\ internal_balance = 4
/\ balance_to_restore = defaultInitValue
/\ i = 6
/\ external_balance = 3
/\ pc = (0 :> "DoReversal" @@ 1 :> "FailedInternalTransfer")
/\ queue = <<1, 1>>

@!@!@ENDMSG 2217 @!@!@
@!@!@STARTMSG 2217:4 @!@!@
28: <FailedInternalTransfer line 103, col 27 to line 107, col 66 of module CardTransfer>
/\ internal_balance = 4
/\ balance_to_restore = defaultInitValue
/\ i = 6
/\ external_balance = 3
/\ pc = (0 :> "DoReversal" @@ 1 :> "IncrCounterTryAgain")
/\ queue = <<1, 1, 1>>

@!@!@ENDMSG 2217 @!@!@
@!@!@STARTMSG 2217:4 @!@!@
29: <IncrCounterTryAgain line 109, col 24 to line 113, col 78 of module CardTransfer>
/\ internal_balance = 4
/\ balance_to_restore = defaultInitValue
/\ i = 7
/\ external_balance = 3
/\ pc = (0 :> "DoReversal" @@ 1 :> "ApproveTransfer")
/\ queue = <<1, 1, 1>>

@!@!@ENDMSG 2217 @!@!@
@!@!@STARTMSG 2217:4 @!@!@
30: <ApproveTransfer line 83, col 20 to line 88, col 59 of module CardTransfer>
/\ internal_balance = 4
/\ balance_to_restore = defaultInitValue
/\ i = 7
/\ external_balance = 3
/\ pc = (0 :> "DoReversal" @@ 1 :> "ExternalTransfer")
/\ queue = <<1, 1, 1>>

@!@!@ENDMSG 2217 @!@!@
@!@!@STARTMSG 2217:4 @!@!@
31: <ExternalTransfer line 90, col 21 to line 95, col 57 of module CardTransfer>
/\ internal_balance = 4
/\ balance_to_restore = defaultInitValue
/\ i = 7
/\ external_balance = 2
/\ pc = (0 :> "DoReversal" @@ 1 :> "FailedInternalTransfer")
/\ queue = <<1, 1, 1>>

@!@!@ENDMSG 2217 @!@!@
@!@!@STARTMSG 2217:4 @!@!@
32: <FailedInternalTransfer line 103, col 27 to line 107, col 66 of module CardTransfer>
/\ internal_balance = 4
/\ balance_to_restore = defaultInitValue
/\ i = 7
/\ external_balance = 2
/\ pc = (0 :> "DoReversal" @@ 1 :> "IncrCounterTryAgain")
/\ queue = <<1, 1, 1, 1>>

@!@!@ENDMSG 2217 @!@!@
@!@!@STARTMSG 2217:4 @!@!@
33: <IncrCounterTryAgain line 109, col 24 to line 113, col 78 of module CardTransfer>
/\ internal_balance = 4
/\ balance_to_restore = defaultInitValue
/\ i = 8
/\ external_balance = 2
/\ pc = (0 :> "DoReversal" @@ 1 :> "ApproveTransfer")
/\ queue = <<1, 1, 1, 1>>

@!@!@ENDMSG 2217 @!@!@
@!@!@STARTMSG 2217:4 @!@!@
34: <ApproveTransfer line 83, col 20 to line 88, col 59 of module CardTransfer>
/\ internal_balance = 4
/\ balance_to_restore = defaultInitValue
/\ i = 8
/\ external_balance = 2
/\ pc = (0 :> "DoReversal" @@ 1 :> "ExternalTransfer")
/\ queue = <<1, 1, 1, 1>>

@!@!@ENDMSG 2217 @!@!@
@!@!@STARTMSG 2217:4 @!@!@
35: <ExternalTransfer line 90, col 21 to line 95, col 57 of module CardTransfer>
/\ internal_balance = 4
/\ balance_to_restore = defaultInitValue
/\ i = 8
/\ external_balance = 1
/\ pc = (0 :> "DoReversal" @@ 1 :> "SuccessfulInternalTransfer")
/\ queue = <<1, 1, 1, 1>>

@!@!@ENDMSG 2217 @!@!@
@!@!@STARTMSG 2217:4 @!@!@
36: <SuccessfulInternalTransfer line 97, col 31 to line 101, col 67 of module CardTransfer>
/\ internal_balance = 5
/\ balance_to_restore = defaultInitValue
/\ i = 8
/\ external_balance = 1
/\ pc = (0 :> "DoReversal" @@ 1 :> "IncrCounterTryAgain")
/\ queue = <<1, 1, 1, 1>>

@!@!@ENDMSG 2217 @!@!@
@!@!@STARTMSG 2217:4 @!@!@
37: <IncrCounterTryAgain line 109, col 24 to line 113, col 78 of module CardTransfer>
/\ internal_balance = 5
/\ balance_to_restore = defaultInitValue
/\ i = 9
/\ external_balance = 1
/\ pc = (0 :> "DoReversal" @@ 1 :> "ApproveTransfer")
/\ queue = <<1, 1, 1, 1>>

@!@!@ENDMSG 2217 @!@!@
@!@!@STARTMSG 2217:4 @!@!@
38: <ApproveTransfer line 83, col 20 to line 88, col 59 of module CardTransfer>
/\ internal_balance = 5
/\ balance_to_restore = defaultInitValue
/\ i = 9
/\ external_balance = 1
/\ pc = (0 :> "DoReversal" @@ 1 :> "ExternalTransfer")
/\ queue = <<1, 1, 1, 1>>

@!@!@ENDMSG 2217 @!@!@
@!@!@STARTMSG 2217:4 @!@!@
39: <ExternalTransfer line 90, col 21 to line 95, col 57 of module CardTransfer>
/\ internal_balance = 5
/\ balance_to_restore = defaultInitValue
/\ i = 9
/\ external_balance = 0
/\ pc = (0 :> "DoReversal" @@ 1 :> "SuccessfulInternalTransfer")
/\ queue = <<1, 1, 1, 1>>

@!@!@ENDMSG 2217 @!@!@
@!@!@STARTMSG 2217:4 @!@!@
40: <SuccessfulInternalTransfer line 97, col 31 to line 101, col 67 of module CardTransfer>
/\ internal_balance = 6
/\ balance_to_restore = defaultInitValue
/\ i = 9
/\ external_balance = 0
/\ pc = (0 :> "DoReversal" @@ 1 :> "IncrCounterTryAgain")
/\ queue = <<1, 1, 1, 1>>

@!@!@ENDMSG 2217 @!@!@
@!@!@STARTMSG 2217:4 @!@!@
41: <IncrCounterTryAgain line 109, col 24 to line 113, col 78 of module CardTransfer>
/\ internal_balance = 6
/\ balance_to_restore = defaultInitValue
/\ i = 10
/\ external_balance = 0
/\ pc = (0 :> "DoReversal" @@ 1 :> "ApproveTransfer")
/\ queue = <<1, 1, 1, 1>>

@!@!@ENDMSG 2217 @!@!@
@!@!@STARTMSG 2217:4 @!@!@
42: <ApproveTransfer line 83, col 20 to line 88, col 59 of module CardTransfer>
/\ internal_balance = 6
/\ balance_to_restore = defaultInitValue
/\ i = 10
/\ external_balance = 0
/\ pc = (0 :> "DoReversal" @@ 1 :> "ExternalTransfer")
/\ queue = <<1, 1, 1, 1>>

@!@!@ENDMSG 2217 @!@!@
@!@!@STARTMSG 2217:4 @!@!@
43: <ExternalTransfer line 90, col 21 to line 95, col 57 of module CardTransfer>
/\ internal_balance = 6
/\ balance_to_restore = defaultInitValue
/\ i = 10
/\ external_balance = -1
/\ pc = (0 :> "DoReversal" @@ 1 :> "SuccessfulInternalTransfer")
/\ queue = <<1, 1, 1, 1>>

@!@!@ENDMSG 2217 @!@!@
@!@!@STARTMSG 2201:0 @!@!@
The coverage statistics at 2022-03-08 22:57:31
@!@!@ENDMSG 2201 @!@!@
@!@!@STARTMSG 2773:0 @!@!@
<Init line 72, col 1 to line 72, col 4 of module CardTransfer>: 2:2
@!@!@ENDMSG 2773 @!@!@
@!@!@STARTMSG 2221:0 @!@!@
  line 73, col 9 to line 81, col 68 of module CardTransfer: 2
@!@!@ENDMSG 2221 @!@!@
@!@!@STARTMSG 2772:0 @!@!@
<ApproveTransfer line 83, col 1 to line 83, col 15 of module CardTransfer>: 176:232
@!@!@ENDMSG 2772 @!@!@
@!@!@STARTMSG 2221:0 @!@!@
  line 83, col 23 to line 83, col 47 of module CardTransfer: 1311
@!@!@ENDMSG 2221 @!@!@
@!@!@STARTMSG 2221:0 @!@!@
  |line 83, col 23 to line 83, col 27 of module CardTransfer: 1079
@!@!@ENDMSG 2221 @!@!@
@!@!@STARTMSG 2221:0 @!@!@
  line 84, col 26 to line 84, col 32 of module CardTransfer: 232
@!@!@ENDMSG 2221 @!@!@
@!@!@STARTMSG 2221:0 @!@!@
  line 85, col 31 to line 85, col 76 of module CardTransfer: 232
@!@!@ENDMSG 2221 @!@!@
@!@!@STARTMSG 2221:0 @!@!@
  line 86, col 34 to line 86, col 64 of module CardTransfer: 0
@!@!@ENDMSG 2221 @!@!@
@!@!@STARTMSG 2221:0 @!@!@
  line 87, col 23 to line 88, col 59 of module CardTransfer: 232
@!@!@ENDMSG 2221 @!@!@
@!@!@STARTMSG 2772:0 @!@!@
<ExternalTransfer line 90, col 1 to line 90, col 16 of module CardTransfer>: 284:424
@!@!@ENDMSG 2772 @!@!@
@!@!@STARTMSG 2221:0 @!@!@
  line 90, col 24 to line 90, col 49 of module CardTransfer: 1278
@!@!@ENDMSG 2221 @!@!@
@!@!@STARTMSG 2221:0 @!@!@
  |line 90, col 24 to line 90, col 28 of module CardTransfer: 1068
@!@!@ENDMSG 2221 @!@!@
@!@!@STARTMSG 2221:0 @!@!@
  line 91, col 24 to line 91, col 63 of module CardTransfer: 210
@!@!@ENDMSG 2221 @!@!@
@!@!@STARTMSG 2221:0 @!@!@
  |line 91, col 44 to line 91, col 63 of module CardTransfer: 214
@!@!@ENDMSG 2221 @!@!@
@!@!@STARTMSG 2221:0 @!@!@
  line 92, col 30 to line 92, col 82 of module CardTransfer: 210
@!@!@ENDMSG 2221 @!@!@
@!@!@STARTMSG 2221:0 @!@!@
  |line 92, col 36 to line 92, col 82 of module CardTransfer: 214
@!@!@ENDMSG 2221 @!@!@
@!@!@STARTMSG 2221:0 @!@!@
  line 93, col 27 to line 93, col 78 of module CardTransfer: 210
@!@!@ENDMSG 2221 @!@!@
@!@!@STARTMSG 2221:0 @!@!@
  line 94, col 24 to line 95, col 57 of module CardTransfer: 420
@!@!@ENDMSG 2221 @!@!@
@!@!@STARTMSG 2772:0 @!@!@
<SuccessfulInternalTransfer line 97, col 1 to line 97, col 26 of module CardTransfer>: 50:195
@!@!@ENDMSG 2772 @!@!@
@!@!@STARTMSG 2221:0 @!@!@
  line 97, col 34 to line 97, col 69 of module CardTransfer: 1248
@!@!@ENDMSG 2221 @!@!@
@!@!@STARTMSG 2221:0 @!@!@
  |line 97, col 34 to line 97, col 38 of module CardTransfer: 1053
@!@!@ENDMSG 2221 @!@!@
@!@!@STARTMSG 2221:0 @!@!@
  line 98, col 34 to line 98, col 73 of module CardTransfer: 195
@!@!@ENDMSG 2221 @!@!@
@!@!@STARTMSG 2221:0 @!@!@
  line 99, col 34 to line 99, col 79 of module CardTransfer: 195
@!@!@ENDMSG 2221 @!@!@
@!@!@STARTMSG 2221:0 @!@!@
  line 100, col 34 to line 101, col 67 of module CardTransfer: 195
@!@!@ENDMSG 2221 @!@!@
@!@!@STARTMSG 2772:0 @!@!@
<FailedInternalTransfer line 103, col 1 to line 103, col 22 of module CardTransfer>: 114:193
@!@!@ENDMSG 2772 @!@!@
@!@!@STARTMSG 2221:0 @!@!@
  line 103, col 30 to line 103, col 61 of module CardTransfer: 1240
@!@!@ENDMSG 2221 @!@!@
@!@!@STARTMSG 2221:0 @!@!@
  |line 103, col 30 to line 103, col 34 of module CardTransfer: 1047
@!@!@ENDMSG 2221 @!@!@
@!@!@STARTMSG 2221:0 @!@!@
  line 104, col 30 to line 104, col 54 of module CardTransfer: 193
@!@!@ENDMSG 2221 @!@!@
@!@!@STARTMSG 2221:0 @!@!@
  line 105, col 30 to line 105, col 75 of module CardTransfer: 193
@!@!@ENDMSG 2221 @!@!@
@!@!@STARTMSG 2221:0 @!@!@
  line 106, col 30 to line 107, col 66 of module CardTransfer: 193
@!@!@ENDMSG 2221 @!@!@
@!@!@STARTMSG 2772:0 @!@!@
<IncrCounterTryAgain line 109, col 1 to line 109, col 19 of module CardTransfer>: 172:245
@!@!@ENDMSG 2772 @!@!@
@!@!@STARTMSG 2221:0 @!@!@
  line 109, col 27 to line 109, col 55 of module CardTransfer: 1288
@!@!@ENDMSG 2221 @!@!@
@!@!@STARTMSG 2221:0 @!@!@
  |line 109, col 27 to line 109, col 31 of module CardTransfer: 1043
@!@!@ENDMSG 2221 @!@!@
@!@!@STARTMSG 2221:0 @!@!@
  line 110, col 27 to line 110, col 36 of module CardTransfer: 245
@!@!@ENDMSG 2221 @!@!@
@!@!@STARTMSG 2221:0 @!@!@
  line 111, col 27 to line 111, col 68 of module CardTransfer: 245
@!@!@ENDMSG 2221 @!@!@
@!@!@STARTMSG 2221:0 @!@!@
  line 112, col 27 to line 113, col 78 of module CardTransfer: 245
@!@!@ENDMSG 2221 @!@!@
@!@!@STARTMSG 2772:0 @!@!@
<DoReversal line 119, col 1 to line 119, col 10 of module CardTransfer>: 307:1033
@!@!@ENDMSG 2772 @!@!@
@!@!@STARTMSG 2221:0 @!@!@
  line 119, col 18 to line 119, col 37 of module CardTransfer: 2066
@!@!@ENDMSG 2221 @!@!@
@!@!@STARTMSG 2221:0 @!@!@
  |line 119, col 18 to line 119, col 22 of module CardTransfer: 1033
@!@!@ENDMSG 2221 @!@!@
@!@!@STARTMSG 2221:0 @!@!@
  line 120, col 21 to line 120, col 34 of module CardTransfer: 1033
@!@!@ENDMSG 2221 @!@!@
@!@!@STARTMSG 2221:0 @!@!@
  line 121, col 26 to line 123, col 86 of module CardTransfer: 785
@!@!@ENDMSG 2221 @!@!@
@!@!@STARTMSG 2221:0 @!@!@
  line 124, col 29 to line 124, col 32 of module CardTransfer: 248
@!@!@ENDMSG 2221 @!@!@
@!@!@STARTMSG 2221:0 @!@!@
  line 125, col 29 to line 126, col 62 of module CardTransfer: 248
@!@!@ENDMSG 2221 @!@!@
@!@!@STARTMSG 2221:0 @!@!@
  line 127, col 18 to line 127, col 54 of module CardTransfer: 1033
@!@!@ENDMSG 2221 @!@!@
@!@!@STARTMSG 2221:0 @!@!@
  line 128, col 18 to line 128, col 52 of module CardTransfer: 1033
@!@!@ENDMSG 2221 @!@!@
@!@!@STARTMSG 2774:0 @!@!@
<NeverOverdraft line 63, col 1 to line 63, col 14 of module CardTransfer>
@!@!@ENDMSG 2774 @!@!@
@!@!@STARTMSG 2221:0 @!@!@
  line 63, col 19 to line 63, col 39 of module CardTransfer: 1104
@!@!@ENDMSG 2221 @!@!@
@!@!@STARTMSG 2202:0 @!@!@
End of statistics.
@!@!@ENDMSG 2202 @!@!@
@!@!@STARTMSG 2200:0 @!@!@
Progress(43) at 2022-03-08 22:57:31: 2,270 states generated (64,888 s/min), 1,104 distinct states found (31,557 ds/min), 63 states left on queue.
@!@!@ENDMSG 2200 @!@!@
@!@!@STARTMSG 2199:0 @!@!@
2270 states generated, 1104 distinct states found, 63 states left on queue.
@!@!@ENDMSG 2199 @!@!@
@!@!@STARTMSG 2194:0 @!@!@
The depth of the complete state graph search is 43.
@!@!@ENDMSG 2194 @!@!@
@!@!@STARTMSG 2268:0 @!@!@
The average outdegree of the complete state graph is 1 (minimum is 0, the maximum 3 and the 95th percentile is 2).
@!@!@ENDMSG 2268 @!@!@
@!@!@STARTMSG 2186:0 @!@!@
Finished in 2125ms at (2022-03-08 22:57:31)
@!@!@ENDMSG 2186 @!@!@
