@!@!@STARTMSG 2262:0 @!@!@
TLC2 Version 2.16 of 31 December 2020 (rev: cdddf55)
@!@!@ENDMSG 2262 @!@!@
@!@!@STARTMSG 2187:0 @!@!@
Running breadth-first search Model-Checking with fp 0 and seed -7122947922474163464 with 1 worker on 8 cores with 1820MB heap and 64MB offheap memory [pid: 84609] (Mac OS X 10.16 x86_64, Oracle Corporation 14.0.1 x86_64, MSBDiskFPSet, DiskStateQueue).
@!@!@ENDMSG 2187 @!@!@
@!@!@STARTMSG 2220:0 @!@!@
Starting SANY...
@!@!@ENDMSG 2220 @!@!@
Parsing file /Users/andrewhao/workspace/tuxedo-tutes/specs/CardTransfer/CardTransfer.tla

Unrecoverable error:
 -- Macro Append undefined,
    at line 31, column 13.

!! WARNING: The PlusCal algorithm in module CardTransfer has changed since its last translation.
Parsing file /private/var/folders/yf/nwshn_sn44d6l00z8kskjrc80000gn/T/TLC.tla
Parsing file /private/var/folders/yf/nwshn_sn44d6l00z8kskjrc80000gn/T/Integers.tla
Parsing file /private/var/folders/yf/nwshn_sn44d6l00z8kskjrc80000gn/T/Sequences.tla
Parsing file /private/var/folders/yf/nwshn_sn44d6l00z8kskjrc80000gn/T/Naturals.tla
Parsing file /private/var/folders/yf/nwshn_sn44d6l00z8kskjrc80000gn/T/FiniteSets.tla
Semantic processing of module Naturals
Semantic processing of module Sequences
Semantic processing of module FiniteSets
Semantic processing of module TLC
Semantic processing of module Integers
Semantic processing of module CardTransfer
@!@!@STARTMSG 2219:0 @!@!@
SANY finished.
@!@!@ENDMSG 2219 @!@!@
@!@!@STARTMSG 2185:0 @!@!@
Starting... (2022-03-08 21:52:36)
@!@!@ENDMSG 2185 @!@!@
@!@!@STARTMSG 2222:1 @!@!@
The constant parameter defaultInitValue is not assigned a value by the configuration file.
@!@!@ENDMSG 2222 @!@!@
@!@!@STARTMSG 2186:0 @!@!@
Finished in 1011ms at (2022-03-08 21:52:36)
@!@!@ENDMSG 2186 @!@!@
