@!@!@STARTMSG 2262:0 @!@!@
TLC2 Version 2.16 of 31 December 2020 (rev: cdddf55)
@!@!@ENDMSG 2262 @!@!@
@!@!@STARTMSG 2187:0 @!@!@
Running breadth-first search Model-Checking with fp 68 and seed 3729908448400288529 with 4 workers on 8 cores with 608MB heap and 1365MB offheap memory [pid: 86529] (Mac OS X 10.16 x86_64, AdoptOpenJDK 14.0.1 x86_64, OffHeapDiskFPSet, DiskStateQueue).
@!@!@ENDMSG 2187 @!@!@
@!@!@STARTMSG 2220:0 @!@!@
Starting SANY...
@!@!@ENDMSG 2220 @!@!@
Parsing file /Users/andrewhao/workspace/tuxedo-tutes/specs/CardTransfer/CardTransfer.toolbox/Model_2/MC.tla
Parsing file /Users/andrewhao/workspace/tuxedo-tutes/specs/CardTransfer/CardTransfer.toolbox/Model_2/CardTransfer.tla
Parsing file /Applications/TLA+ Toolbox.app/Contents/Eclipse/plugins/org.lamport.tlatools_1.0.0.202012311918/tla2sany/StandardModules/TLC.tla
Parsing file /Applications/TLA+ Toolbox.app/Contents/Eclipse/plugins/org.lamport.tlatools_1.0.0.202012311918/tla2sany/StandardModules/Integers.tla
Parsing file /Applications/TLA+ Toolbox.app/Contents/Eclipse/plugins/org.lamport.tlatools_1.0.0.202012311918/tla2sany/StandardModules/Sequences.tla
Parsing file /Applications/TLA+ Toolbox.app/Contents/Eclipse/plugins/org.lamport.tlatools_1.0.0.202012311918/tla2sany/StandardModules/Naturals.tla
Parsing file /Applications/TLA+ Toolbox.app/Contents/Eclipse/plugins/org.lamport.tlatools_1.0.0.202012311918/tla2sany/StandardModules/FiniteSets.tla
Semantic processing of module Naturals
Semantic processing of module Sequences
Semantic processing of module FiniteSets
Semantic processing of module TLC
Semantic processing of module Integers
Semantic processing of module CardTransfer
Semantic processing of module MC
@!@!@STARTMSG 2219:0 @!@!@
SANY finished.
@!@!@ENDMSG 2219 @!@!@
@!@!@STARTMSG 2185:0 @!@!@
Starting... (2022-03-08 23:00:25)
@!@!@ENDMSG 2185 @!@!@
@!@!@STARTMSG 2189:0 @!@!@
Computing initial states...
@!@!@ENDMSG 2189 @!@!@
@!@!@STARTMSG 2190:0 @!@!@
Finished computing initial states: 1 distinct state generated at 2022-03-08 23:00:26.
@!@!@ENDMSG 2190 @!@!@
@!@!@STARTMSG 2110:1 @!@!@
Invariant NeverOverdraft is violated.
@!@!@ENDMSG 2110 @!@!@
@!@!@STARTMSG 2121:1 @!@!@
The behavior up to this point is:
@!@!@ENDMSG 2121 @!@!@
@!@!@STARTMSG 2217:4 @!@!@
1: <Initial predicate>
/\ internal_balance = 0
/\ balance_to_restore = defaultInitValue
/\ i = 0
/\ external_balance = 10
/\ pc = (0 :> "PollReversal" @@ 1 :> "ApproveTransfer")
/\ queue = <<>>

@!@!@ENDMSG 2217 @!@!@
@!@!@STARTMSG 2217:4 @!@!@
2: <ApproveTransfer line 82, col 20 to line 87, col 59 of module CardTransfer>
/\ internal_balance = 0
/\ balance_to_restore = defaultInitValue
/\ i = 0
/\ external_balance = 10
/\ pc = (0 :> "PollReversal" @@ 1 :> "ExternalTransfer")
/\ queue = <<>>

@!@!@ENDMSG 2217 @!@!@
@!@!@STARTMSG 2217:4 @!@!@
3: <ExternalTransfer line 89, col 21 to line 94, col 57 of module CardTransfer>
/\ internal_balance = 0
/\ balance_to_restore = defaultInitValue
/\ i = 0
/\ external_balance = 9
/\ pc = (0 :> "PollReversal" @@ 1 :> "FailedInternalTransfer")
/\ queue = <<>>

@!@!@ENDMSG 2217 @!@!@
@!@!@STARTMSG 2217:4 @!@!@
4: <FailedInternalTransfer line 102, col 27 to line 106, col 66 of module CardTransfer>
/\ internal_balance = 0
/\ balance_to_restore = defaultInitValue
/\ i = 0
/\ external_balance = 9
/\ pc = (0 :> "PollReversal" @@ 1 :> "IncrCounterTryAgain")
/\ queue = <<1>>

@!@!@ENDMSG 2217 @!@!@
@!@!@STARTMSG 2217:4 @!@!@
5: <IncrCounterTryAgain line 108, col 24 to line 112, col 78 of module CardTransfer>
/\ internal_balance = 0
/\ balance_to_restore = defaultInitValue
/\ i = 1
/\ external_balance = 9
/\ pc = (0 :> "PollReversal" @@ 1 :> "ApproveTransfer")
/\ queue = <<1>>

@!@!@ENDMSG 2217 @!@!@
@!@!@STARTMSG 2217:4 @!@!@
6: <ApproveTransfer line 82, col 20 to line 87, col 59 of module CardTransfer>
/\ internal_balance = 0
/\ balance_to_restore = defaultInitValue
/\ i = 1
/\ external_balance = 9
/\ pc = (0 :> "PollReversal" @@ 1 :> "ExternalTransfer")
/\ queue = <<1>>

@!@!@ENDMSG 2217 @!@!@
@!@!@STARTMSG 2217:4 @!@!@
7: <ExternalTransfer line 89, col 21 to line 94, col 57 of module CardTransfer>
/\ internal_balance = 0
/\ balance_to_restore = defaultInitValue
/\ i = 1
/\ external_balance = 8
/\ pc = (0 :> "PollReversal" @@ 1 :> "FailedInternalTransfer")
/\ queue = <<1>>

@!@!@ENDMSG 2217 @!@!@
@!@!@STARTMSG 2217:4 @!@!@
8: <FailedInternalTransfer line 102, col 27 to line 106, col 66 of module CardTransfer>
/\ internal_balance = 0
/\ balance_to_restore = defaultInitValue
/\ i = 1
/\ external_balance = 8
/\ pc = (0 :> "PollReversal" @@ 1 :> "IncrCounterTryAgain")
/\ queue = <<1, 1>>

@!@!@ENDMSG 2217 @!@!@
@!@!@STARTMSG 2217:4 @!@!@
9: <IncrCounterTryAgain line 108, col 24 to line 112, col 78 of module CardTransfer>
/\ internal_balance = 0
/\ balance_to_restore = defaultInitValue
/\ i = 2
/\ external_balance = 8
/\ pc = (0 :> "PollReversal" @@ 1 :> "ApproveTransfer")
/\ queue = <<1, 1>>

@!@!@ENDMSG 2217 @!@!@
@!@!@STARTMSG 2217:4 @!@!@
10: <ApproveTransfer line 82, col 20 to line 87, col 59 of module CardTransfer>
/\ internal_balance = 0
/\ balance_to_restore = defaultInitValue
/\ i = 2
/\ external_balance = 8
/\ pc = (0 :> "PollReversal" @@ 1 :> "ExternalTransfer")
/\ queue = <<1, 1>>

@!@!@ENDMSG 2217 @!@!@
@!@!@STARTMSG 2217:4 @!@!@
11: <ExternalTransfer line 89, col 21 to line 94, col 57 of module CardTransfer>
/\ internal_balance = 0
/\ balance_to_restore = defaultInitValue
/\ i = 2
/\ external_balance = 7
/\ pc = (0 :> "PollReversal" @@ 1 :> "FailedInternalTransfer")
/\ queue = <<1, 1>>

@!@!@ENDMSG 2217 @!@!@
@!@!@STARTMSG 2217:4 @!@!@
12: <FailedInternalTransfer line 102, col 27 to line 106, col 66 of module CardTransfer>
/\ internal_balance = 0
/\ balance_to_restore = defaultInitValue
/\ i = 2
/\ external_balance = 7
/\ pc = (0 :> "PollReversal" @@ 1 :> "IncrCounterTryAgain")
/\ queue = <<1, 1, 1>>

@!@!@ENDMSG 2217 @!@!@
@!@!@STARTMSG 2217:4 @!@!@
13: <IncrCounterTryAgain line 108, col 24 to line 112, col 78 of module CardTransfer>
/\ internal_balance = 0
/\ balance_to_restore = defaultInitValue
/\ i = 3
/\ external_balance = 7
/\ pc = (0 :> "PollReversal" @@ 1 :> "ApproveTransfer")
/\ queue = <<1, 1, 1>>

@!@!@ENDMSG 2217 @!@!@
@!@!@STARTMSG 2217:4 @!@!@
14: <ApproveTransfer line 82, col 20 to line 87, col 59 of module CardTransfer>
/\ internal_balance = 0
/\ balance_to_restore = defaultInitValue
/\ i = 3
/\ external_balance = 7
/\ pc = (0 :> "PollReversal" @@ 1 :> "ExternalTransfer")
/\ queue = <<1, 1, 1>>

@!@!@ENDMSG 2217 @!@!@
@!@!@STARTMSG 2217:4 @!@!@
15: <ExternalTransfer line 89, col 21 to line 94, col 57 of module CardTransfer>
/\ internal_balance = 0
/\ balance_to_restore = defaultInitValue
/\ i = 3
/\ external_balance = 6
/\ pc = (0 :> "PollReversal" @@ 1 :> "FailedInternalTransfer")
/\ queue = <<1, 1, 1>>

@!@!@ENDMSG 2217 @!@!@
@!@!@STARTMSG 2217:4 @!@!@
16: <FailedInternalTransfer line 102, col 27 to line 106, col 66 of module CardTransfer>
/\ internal_balance = 0
/\ balance_to_restore = defaultInitValue
/\ i = 3
/\ external_balance = 6
/\ pc = (0 :> "PollReversal" @@ 1 :> "IncrCounterTryAgain")
/\ queue = <<1, 1, 1, 1>>

@!@!@ENDMSG 2217 @!@!@
@!@!@STARTMSG 2217:4 @!@!@
17: <IncrCounterTryAgain line 108, col 24 to line 112, col 78 of module CardTransfer>
/\ internal_balance = 0
/\ balance_to_restore = defaultInitValue
/\ i = 4
/\ external_balance = 6
/\ pc = (0 :> "PollReversal" @@ 1 :> "ApproveTransfer")
/\ queue = <<1, 1, 1, 1>>

@!@!@ENDMSG 2217 @!@!@
@!@!@STARTMSG 2217:4 @!@!@
18: <ApproveTransfer line 82, col 20 to line 87, col 59 of module CardTransfer>
/\ internal_balance = 0
/\ balance_to_restore = defaultInitValue
/\ i = 4
/\ external_balance = 6
/\ pc = (0 :> "PollReversal" @@ 1 :> "ExternalTransfer")
/\ queue = <<1, 1, 1, 1>>

@!@!@ENDMSG 2217 @!@!@
@!@!@STARTMSG 2217:4 @!@!@
19: <ExternalTransfer line 89, col 21 to line 94, col 57 of module CardTransfer>
/\ internal_balance = 0
/\ balance_to_restore = defaultInitValue
/\ i = 4
/\ external_balance = 5
/\ pc = (0 :> "PollReversal" @@ 1 :> "SuccessfulInternalTransfer")
/\ queue = <<1, 1, 1, 1>>

@!@!@ENDMSG 2217 @!@!@
@!@!@STARTMSG 2217:4 @!@!@
20: <SuccessfulInternalTransfer line 96, col 31 to line 100, col 67 of module CardTransfer>
/\ internal_balance = 1
/\ balance_to_restore = defaultInitValue
/\ i = 4
/\ external_balance = 5
/\ pc = (0 :> "PollReversal" @@ 1 :> "IncrCounterTryAgain")
/\ queue = <<1, 1, 1, 1>>

@!@!@ENDMSG 2217 @!@!@
@!@!@STARTMSG 2217:4 @!@!@
21: <IncrCounterTryAgain line 108, col 24 to line 112, col 78 of module CardTransfer>
/\ internal_balance = 1
/\ balance_to_restore = defaultInitValue
/\ i = 5
/\ external_balance = 5
/\ pc = (0 :> "PollReversal" @@ 1 :> "ApproveTransfer")
/\ queue = <<1, 1, 1, 1>>

@!@!@ENDMSG 2217 @!@!@
@!@!@STARTMSG 2217:4 @!@!@
22: <ApproveTransfer line 82, col 20 to line 87, col 59 of module CardTransfer>
/\ internal_balance = 1
/\ balance_to_restore = defaultInitValue
/\ i = 5
/\ external_balance = 5
/\ pc = (0 :> "PollReversal" @@ 1 :> "ExternalTransfer")
/\ queue = <<1, 1, 1, 1>>

@!@!@ENDMSG 2217 @!@!@
@!@!@STARTMSG 2217:4 @!@!@
23: <ExternalTransfer line 89, col 21 to line 94, col 57 of module CardTransfer>
/\ internal_balance = 1
/\ balance_to_restore = defaultInitValue
/\ i = 5
/\ external_balance = 4
/\ pc = (0 :> "PollReversal" @@ 1 :> "SuccessfulInternalTransfer")
/\ queue = <<1, 1, 1, 1>>

@!@!@ENDMSG 2217 @!@!@
@!@!@STARTMSG 2217:4 @!@!@
24: <SuccessfulInternalTransfer line 96, col 31 to line 100, col 67 of module CardTransfer>
/\ internal_balance = 2
/\ balance_to_restore = defaultInitValue
/\ i = 5
/\ external_balance = 4
/\ pc = (0 :> "PollReversal" @@ 1 :> "IncrCounterTryAgain")
/\ queue = <<1, 1, 1, 1>>

@!@!@ENDMSG 2217 @!@!@
@!@!@STARTMSG 2217:4 @!@!@
25: <IncrCounterTryAgain line 108, col 24 to line 112, col 78 of module CardTransfer>
/\ internal_balance = 2
/\ balance_to_restore = defaultInitValue
/\ i = 6
/\ external_balance = 4
/\ pc = (0 :> "PollReversal" @@ 1 :> "ApproveTransfer")
/\ queue = <<1, 1, 1, 1>>

@!@!@ENDMSG 2217 @!@!@
@!@!@STARTMSG 2217:4 @!@!@
26: <ApproveTransfer line 82, col 20 to line 87, col 59 of module CardTransfer>
/\ internal_balance = 2
/\ balance_to_restore = defaultInitValue
/\ i = 6
/\ external_balance = 4
/\ pc = (0 :> "PollReversal" @@ 1 :> "ExternalTransfer")
/\ queue = <<1, 1, 1, 1>>

@!@!@ENDMSG 2217 @!@!@
@!@!@STARTMSG 2217:4 @!@!@
27: <ExternalTransfer line 89, col 21 to line 94, col 57 of module CardTransfer>
/\ internal_balance = 2
/\ balance_to_restore = defaultInitValue
/\ i = 6
/\ external_balance = 3
/\ pc = (0 :> "PollReversal" @@ 1 :> "SuccessfulInternalTransfer")
/\ queue = <<1, 1, 1, 1>>

@!@!@ENDMSG 2217 @!@!@
@!@!@STARTMSG 2217:4 @!@!@
28: <SuccessfulInternalTransfer line 96, col 31 to line 100, col 67 of module CardTransfer>
/\ internal_balance = 3
/\ balance_to_restore = defaultInitValue
/\ i = 6
/\ external_balance = 3
/\ pc = (0 :> "PollReversal" @@ 1 :> "IncrCounterTryAgain")
/\ queue = <<1, 1, 1, 1>>

@!@!@ENDMSG 2217 @!@!@
@!@!@STARTMSG 2217:4 @!@!@
29: <IncrCounterTryAgain line 108, col 24 to line 112, col 78 of module CardTransfer>
/\ internal_balance = 3
/\ balance_to_restore = defaultInitValue
/\ i = 7
/\ external_balance = 3
/\ pc = (0 :> "PollReversal" @@ 1 :> "ApproveTransfer")
/\ queue = <<1, 1, 1, 1>>

@!@!@ENDMSG 2217 @!@!@
@!@!@STARTMSG 2217:4 @!@!@
30: <ApproveTransfer line 82, col 20 to line 87, col 59 of module CardTransfer>
/\ internal_balance = 3
/\ balance_to_restore = defaultInitValue
/\ i = 7
/\ external_balance = 3
/\ pc = (0 :> "PollReversal" @@ 1 :> "ExternalTransfer")
/\ queue = <<1, 1, 1, 1>>

@!@!@ENDMSG 2217 @!@!@
@!@!@STARTMSG 2217:4 @!@!@
31: <ExternalTransfer line 89, col 21 to line 94, col 57 of module CardTransfer>
/\ internal_balance = 3
/\ balance_to_restore = defaultInitValue
/\ i = 7
/\ external_balance = 2
/\ pc = (0 :> "PollReversal" @@ 1 :> "SuccessfulInternalTransfer")
/\ queue = <<1, 1, 1, 1>>

@!@!@ENDMSG 2217 @!@!@
@!@!@STARTMSG 2217:4 @!@!@
32: <SuccessfulInternalTransfer line 96, col 31 to line 100, col 67 of module CardTransfer>
/\ internal_balance = 4
/\ balance_to_restore = defaultInitValue
/\ i = 7
/\ external_balance = 2
/\ pc = (0 :> "PollReversal" @@ 1 :> "IncrCounterTryAgain")
/\ queue = <<1, 1, 1, 1>>

@!@!@ENDMSG 2217 @!@!@
@!@!@STARTMSG 2217:4 @!@!@
33: <IncrCounterTryAgain line 108, col 24 to line 112, col 78 of module CardTransfer>
/\ internal_balance = 4
/\ balance_to_restore = defaultInitValue
/\ i = 8
/\ external_balance = 2
/\ pc = (0 :> "PollReversal" @@ 1 :> "ApproveTransfer")
/\ queue = <<1, 1, 1, 1>>

@!@!@ENDMSG 2217 @!@!@
@!@!@STARTMSG 2217:4 @!@!@
34: <ApproveTransfer line 82, col 20 to line 87, col 59 of module CardTransfer>
/\ internal_balance = 4
/\ balance_to_restore = defaultInitValue
/\ i = 8
/\ external_balance = 2
/\ pc = (0 :> "PollReversal" @@ 1 :> "ExternalTransfer")
/\ queue = <<1, 1, 1, 1>>

@!@!@ENDMSG 2217 @!@!@
@!@!@STARTMSG 2217:4 @!@!@
35: <ExternalTransfer line 89, col 21 to line 94, col 57 of module CardTransfer>
/\ internal_balance = 4
/\ balance_to_restore = defaultInitValue
/\ i = 8
/\ external_balance = 1
/\ pc = (0 :> "PollReversal" @@ 1 :> "SuccessfulInternalTransfer")
/\ queue = <<1, 1, 1, 1>>

@!@!@ENDMSG 2217 @!@!@
@!@!@STARTMSG 2217:4 @!@!@
36: <SuccessfulInternalTransfer line 96, col 31 to line 100, col 67 of module CardTransfer>
/\ internal_balance = 5
/\ balance_to_restore = defaultInitValue
/\ i = 8
/\ external_balance = 1
/\ pc = (0 :> "PollReversal" @@ 1 :> "IncrCounterTryAgain")
/\ queue = <<1, 1, 1, 1>>

@!@!@ENDMSG 2217 @!@!@
@!@!@STARTMSG 2217:4 @!@!@
37: <IncrCounterTryAgain line 108, col 24 to line 112, col 78 of module CardTransfer>
/\ internal_balance = 5
/\ balance_to_restore = defaultInitValue
/\ i = 9
/\ external_balance = 1
/\ pc = (0 :> "PollReversal" @@ 1 :> "ApproveTransfer")
/\ queue = <<1, 1, 1, 1>>

@!@!@ENDMSG 2217 @!@!@
@!@!@STARTMSG 2217:4 @!@!@
38: <ApproveTransfer line 82, col 20 to line 87, col 59 of module CardTransfer>
/\ internal_balance = 5
/\ balance_to_restore = defaultInitValue
/\ i = 9
/\ external_balance = 1
/\ pc = (0 :> "PollReversal" @@ 1 :> "ExternalTransfer")
/\ queue = <<1, 1, 1, 1>>

@!@!@ENDMSG 2217 @!@!@
@!@!@STARTMSG 2217:4 @!@!@
39: <ExternalTransfer line 89, col 21 to line 94, col 57 of module CardTransfer>
/\ internal_balance = 5
/\ balance_to_restore = defaultInitValue
/\ i = 9
/\ external_balance = 0
/\ pc = (0 :> "PollReversal" @@ 1 :> "SuccessfulInternalTransfer")
/\ queue = <<1, 1, 1, 1>>

@!@!@ENDMSG 2217 @!@!@
@!@!@STARTMSG 2217:4 @!@!@
40: <SuccessfulInternalTransfer line 96, col 31 to line 100, col 67 of module CardTransfer>
/\ internal_balance = 6
/\ balance_to_restore = defaultInitValue
/\ i = 9
/\ external_balance = 0
/\ pc = (0 :> "PollReversal" @@ 1 :> "IncrCounterTryAgain")
/\ queue = <<1, 1, 1, 1>>

@!@!@ENDMSG 2217 @!@!@
@!@!@STARTMSG 2217:4 @!@!@
41: <IncrCounterTryAgain line 108, col 24 to line 112, col 78 of module CardTransfer>
/\ internal_balance = 6
/\ balance_to_restore = defaultInitValue
/\ i = 10
/\ external_balance = 0
/\ pc = (0 :> "PollReversal" @@ 1 :> "ApproveTransfer")
/\ queue = <<1, 1, 1, 1>>

@!@!@ENDMSG 2217 @!@!@
@!@!@STARTMSG 2217:4 @!@!@
42: <ApproveTransfer line 82, col 20 to line 87, col 59 of module CardTransfer>
/\ internal_balance = 6
/\ balance_to_restore = defaultInitValue
/\ i = 10
/\ external_balance = 0
/\ pc = (0 :> "PollReversal" @@ 1 :> "ExternalTransfer")
/\ queue = <<1, 1, 1, 1>>

@!@!@ENDMSG 2217 @!@!@
@!@!@STARTMSG 2217:4 @!@!@
43: <ExternalTransfer line 89, col 21 to line 94, col 57 of module CardTransfer>
/\ internal_balance = 6
/\ balance_to_restore = defaultInitValue
/\ i = 10
/\ external_balance = -1
/\ pc = (0 :> "PollReversal" @@ 1 :> "SuccessfulInternalTransfer")
/\ queue = <<1, 1, 1, 1>>

@!@!@ENDMSG 2217 @!@!@
@!@!@STARTMSG 2201:0 @!@!@
The coverage statistics at 2022-03-08 23:00:26
@!@!@ENDMSG 2201 @!@!@
@!@!@STARTMSG 2773:0 @!@!@
<Init line 71, col 1 to line 71, col 4 of module CardTransfer>: 2:2
@!@!@ENDMSG 2773 @!@!@
@!@!@STARTMSG 2221:0 @!@!@
  line 72, col 9 to line 80, col 70 of module CardTransfer: 2
@!@!@ENDMSG 2221 @!@!@
@!@!@STARTMSG 2772:0 @!@!@
<ApproveTransfer line 82, col 1 to line 82, col 15 of module CardTransfer>: 240:335
@!@!@ENDMSG 2772 @!@!@
@!@!@STARTMSG 2221:0 @!@!@
  line 82, col 23 to line 82, col 47 of module CardTransfer: 1921
@!@!@ENDMSG 2221 @!@!@
@!@!@STARTMSG 2221:0 @!@!@
  |line 82, col 23 to line 82, col 27 of module CardTransfer: 1586
@!@!@ENDMSG 2221 @!@!@
@!@!@STARTMSG 2221:0 @!@!@
  line 83, col 26 to line 83, col 32 of module CardTransfer: 335
@!@!@ENDMSG 2221 @!@!@
@!@!@STARTMSG 2221:0 @!@!@
  line 84, col 31 to line 84, col 76 of module CardTransfer: 335
@!@!@ENDMSG 2221 @!@!@
@!@!@STARTMSG 2221:0 @!@!@
  line 85, col 34 to line 85, col 64 of module CardTransfer: 0
@!@!@ENDMSG 2221 @!@!@
@!@!@STARTMSG 2221:0 @!@!@
  line 86, col 23 to line 87, col 59 of module CardTransfer: 335
@!@!@ENDMSG 2221 @!@!@
@!@!@STARTMSG 2772:0 @!@!@
<ExternalTransfer line 89, col 1 to line 89, col 16 of module CardTransfer>: 345:624
@!@!@ENDMSG 2772 @!@!@
@!@!@STARTMSG 2221:0 @!@!@
  line 89, col 24 to line 89, col 49 of module CardTransfer: 1885
@!@!@ENDMSG 2221 @!@!@
@!@!@STARTMSG 2221:0 @!@!@
  |line 89, col 24 to line 89, col 28 of module CardTransfer: 1575
@!@!@ENDMSG 2221 @!@!@
@!@!@STARTMSG 2221:0 @!@!@
  line 90, col 24 to line 90, col 63 of module CardTransfer: 310
@!@!@ENDMSG 2221 @!@!@
@!@!@STARTMSG 2221:0 @!@!@
  |line 90, col 44 to line 90, col 63 of module CardTransfer: 314
@!@!@ENDMSG 2221 @!@!@
@!@!@STARTMSG 2221:0 @!@!@
  line 91, col 30 to line 91, col 82 of module CardTransfer: 310
@!@!@ENDMSG 2221 @!@!@
@!@!@STARTMSG 2221:0 @!@!@
  |line 91, col 36 to line 91, col 82 of module CardTransfer: 314
@!@!@ENDMSG 2221 @!@!@
@!@!@STARTMSG 2221:0 @!@!@
  line 92, col 27 to line 92, col 78 of module CardTransfer: 310
@!@!@ENDMSG 2221 @!@!@
@!@!@STARTMSG 2221:0 @!@!@
  line 93, col 24 to line 94, col 57 of module CardTransfer: 620
@!@!@ENDMSG 2221 @!@!@
@!@!@STARTMSG 2772:0 @!@!@
<SuccessfulInternalTransfer line 96, col 1 to line 96, col 26 of module CardTransfer>: 104:290
@!@!@ENDMSG 2772 @!@!@
@!@!@STARTMSG 2221:0 @!@!@
  line 96, col 34 to line 96, col 69 of module CardTransfer: 1850
@!@!@ENDMSG 2221 @!@!@
@!@!@STARTMSG 2221:0 @!@!@
  |line 96, col 34 to line 96, col 38 of module CardTransfer: 1560
@!@!@ENDMSG 2221 @!@!@
@!@!@STARTMSG 2221:0 @!@!@
  line 97, col 34 to line 97, col 73 of module CardTransfer: 290
@!@!@ENDMSG 2221 @!@!@
@!@!@STARTMSG 2221:0 @!@!@
  line 98, col 34 to line 98, col 79 of module CardTransfer: 290
@!@!@ENDMSG 2221 @!@!@
@!@!@STARTMSG 2221:0 @!@!@
  line 99, col 34 to line 100, col 67 of module CardTransfer: 290
@!@!@ENDMSG 2221 @!@!@
@!@!@STARTMSG 2772:0 @!@!@
<FailedInternalTransfer line 102, col 1 to line 102, col 22 of module CardTransfer>: 82:288
@!@!@ENDMSG 2772 @!@!@
@!@!@STARTMSG 2221:0 @!@!@
  line 102, col 30 to line 102, col 61 of module CardTransfer: 1842
@!@!@ENDMSG 2221 @!@!@
@!@!@STARTMSG 2221:0 @!@!@
  |line 102, col 30 to line 102, col 34 of module CardTransfer: 1554
@!@!@ENDMSG 2221 @!@!@
@!@!@STARTMSG 2221:0 @!@!@
  line 103, col 30 to line 103, col 54 of module CardTransfer: 288
@!@!@ENDMSG 2221 @!@!@
@!@!@STARTMSG 2221:0 @!@!@
  line 104, col 30 to line 104, col 75 of module CardTransfer: 288
@!@!@ENDMSG 2221 @!@!@
@!@!@STARTMSG 2221:0 @!@!@
  line 105, col 30 to line 106, col 66 of module CardTransfer: 288
@!@!@ENDMSG 2221 @!@!@
@!@!@STARTMSG 2772:0 @!@!@
<IncrCounterTryAgain line 108, col 1 to line 108, col 19 of module CardTransfer>: 212:359
@!@!@ENDMSG 2772 @!@!@
@!@!@STARTMSG 2221:0 @!@!@
  line 108, col 27 to line 108, col 55 of module CardTransfer: 1909
@!@!@ENDMSG 2221 @!@!@
@!@!@STARTMSG 2221:0 @!@!@
  |line 108, col 27 to line 108, col 31 of module CardTransfer: 1550
@!@!@ENDMSG 2221 @!@!@
@!@!@STARTMSG 2221:0 @!@!@
  line 109, col 27 to line 109, col 36 of module CardTransfer: 359
@!@!@ENDMSG 2221 @!@!@
@!@!@STARTMSG 2221:0 @!@!@
  line 110, col 27 to line 110, col 68 of module CardTransfer: 359
@!@!@ENDMSG 2221 @!@!@
@!@!@STARTMSG 2221:0 @!@!@
  line 111, col 27 to line 112, col 78 of module CardTransfer: 359
@!@!@ENDMSG 2221 @!@!@
@!@!@STARTMSG 2772:0 @!@!@
<PollReversal line 118, col 1 to line 118, col 12 of module CardTransfer>: 312:894
@!@!@ENDMSG 2772 @!@!@
@!@!@STARTMSG 2221:0 @!@!@
  line 118, col 20 to line 118, col 41 of module CardTransfer: 2434
@!@!@ENDMSG 2221 @!@!@
@!@!@STARTMSG 2221:0 @!@!@
  |line 118, col 20 to line 118, col 24 of module CardTransfer: 1540
@!@!@ENDMSG 2221 @!@!@
@!@!@STARTMSG 2221:0 @!@!@
  line 119, col 23 to line 119, col 36 of module CardTransfer: 894
@!@!@ENDMSG 2221 @!@!@
@!@!@STARTMSG 2221:0 @!@!@
  line 120, col 28 to line 120, col 67 of module CardTransfer: 686
@!@!@ENDMSG 2221 @!@!@
@!@!@STARTMSG 2221:0 @!@!@
  line 121, col 28 to line 121, col 69 of module CardTransfer: 208
@!@!@ENDMSG 2221 @!@!@
@!@!@STARTMSG 2221:0 @!@!@
  line 122, col 20 to line 123, col 53 of module CardTransfer: 894
@!@!@ENDMSG 2221 @!@!@
@!@!@STARTMSG 2772:0 @!@!@
<DoReversal line 125, col 1 to line 125, col 10 of module CardTransfer>: 351:646
@!@!@ENDMSG 2772 @!@!@
@!@!@STARTMSG 2221:0 @!@!@
  line 125, col 18 to line 125, col 37 of module CardTransfer: 2186
@!@!@ENDMSG 2221 @!@!@
@!@!@STARTMSG 2221:0 @!@!@
  |line 125, col 18 to line 125, col 22 of module CardTransfer: 1540
@!@!@ENDMSG 2221 @!@!@
@!@!@STARTMSG 2221:0 @!@!@
  line 126, col 18 to line 126, col 50 of module CardTransfer: 646
@!@!@ENDMSG 2221 @!@!@
@!@!@STARTMSG 2221:0 @!@!@
  line 127, col 18 to line 127, col 37 of module CardTransfer: 646
@!@!@ENDMSG 2221 @!@!@
@!@!@STARTMSG 2221:0 @!@!@
  line 128, col 18 to line 128, col 75 of module CardTransfer: 646
@!@!@ENDMSG 2221 @!@!@
@!@!@STARTMSG 2221:0 @!@!@
  line 129, col 18 to line 129, col 56 of module CardTransfer: 646
@!@!@ENDMSG 2221 @!@!@
@!@!@STARTMSG 2221:0 @!@!@
  line 130, col 18 to line 130, col 52 of module CardTransfer: 646
@!@!@ENDMSG 2221 @!@!@
@!@!@STARTMSG 2774:0 @!@!@
<NeverOverdraft line 62, col 1 to line 62, col 14 of module CardTransfer>
@!@!@ENDMSG 2774 @!@!@
@!@!@STARTMSG 2221:0 @!@!@
  line 62, col 19 to line 62, col 39 of module CardTransfer: 1647
@!@!@ENDMSG 2221 @!@!@
@!@!@STARTMSG 2202:0 @!@!@
End of statistics.
@!@!@ENDMSG 2202 @!@!@
@!@!@STARTMSG 2200:0 @!@!@
Progress(43) at 2022-03-08 23:00:26: 3,384 states generated (86,216 s/min), 1,647 distinct states found (41,961 ds/min), 99 states left on queue.
@!@!@ENDMSG 2200 @!@!@
@!@!@STARTMSG 2199:0 @!@!@
3384 states generated, 1647 distinct states found, 99 states left on queue.
@!@!@ENDMSG 2199 @!@!@
@!@!@STARTMSG 2194:0 @!@!@
The depth of the complete state graph search is 43.
@!@!@ENDMSG 2194 @!@!@
@!@!@STARTMSG 2268:0 @!@!@
The average outdegree of the complete state graph is 1 (minimum is 0, the maximum 3 and the 95th percentile is 2).
@!@!@ENDMSG 2268 @!@!@
@!@!@STARTMSG 2186:0 @!@!@
Finished in 2384ms at (2022-03-08 23:00:26)
@!@!@ENDMSG 2186 @!@!@
